[
  {
    "line": 1,
    "elements": [
      {
        "start_timestamp": "2020-07-13T14:50:35.415Z",
        "before": [
          {
            "result": {
              "error_message": "org.openqa.selenium.SessionNotCreatedException: session not created: Chrome version must be between 71 and 75\n  (Driver info: chromedriver\u003d2.46.628411 (3324f4c8be9ff2f70a05a30ebc72ffb013e1a71e),platform\u003dMac OS X 10.14.6 x86_64) (WARNING: The server did not provide any stacktrace information)\nCommand duration or timeout: 2.40 seconds\nBuild info: version: \u00273.141.59\u0027, revision: \u0027e82be7d358\u0027, time: \u00272018-11-14T08:17:03\u0027\nSystem info: host: \u0027Jamess-MacBook-Pro.local\u0027, ip: \u0027192.168.2.16\u0027, os.name: \u0027Mac OS X\u0027, os.arch: \u0027x86_64\u0027, os.version: \u002710.14.6\u0027, java.version: \u00271.8.0_251\u0027\nDriver info: driver.version: ChromeDriver\n\tat sun.reflect.NativeConstructorAccessorImpl.newInstance0(Native Method)\n\tat sun.reflect.NativeConstructorAccessorImpl.newInstance(NativeConstructorAccessorImpl.java:62)\n\tat sun.reflect.DelegatingConstructorAccessorImpl.newInstance(DelegatingConstructorAccessorImpl.java:45)\n\tat java.lang.reflect.Constructor.newInstance(Constructor.java:423)\n\tat org.openqa.selenium.remote.ErrorHandler.createThrowable(ErrorHandler.java:214)\n\tat org.openqa.selenium.remote.ErrorHandler.throwIfResponseFailed(ErrorHandler.java:166)\n\tat org.openqa.selenium.remote.JsonWireProtocolResponse.lambda$errorHandler$0(JsonWireProtocolResponse.java:54)\n\tat org.openqa.selenium.remote.HandshakeResponse.lambda$getResponseFunction$0(HandshakeResponse.java:30)\n\tat org.openqa.selenium.remote.ProtocolHandshake.lambda$createSession$0(ProtocolHandshake.java:126)\n\tat java.util.stream.ReferencePipeline$3$1.accept(ReferencePipeline.java:193)\n\tat java.util.Spliterators$ArraySpliterator.tryAdvance(Spliterators.java:958)\n\tat java.util.stream.ReferencePipeline.forEachWithCancel(ReferencePipeline.java:126)\n\tat java.util.stream.AbstractPipeline.copyIntoWithCancel(AbstractPipeline.java:499)\n\tat java.util.stream.AbstractPipeline.copyInto(AbstractPipeline.java:486)\n\tat java.util.stream.AbstractPipeline.wrapAndCopyInto(AbstractPipeline.java:472)\n\tat java.util.stream.FindOps$FindOp.evaluateSequential(FindOps.java:152)\n\tat java.util.stream.AbstractPipeline.evaluate(AbstractPipeline.java:234)\n\tat java.util.stream.ReferencePipeline.findFirst(ReferencePipeline.java:464)\n\tat org.openqa.selenium.remote.ProtocolHandshake.createSession(ProtocolHandshake.java:128)\n\tat org.openqa.selenium.remote.ProtocolHandshake.createSession(ProtocolHandshake.java:74)\n\tat org.openqa.selenium.remote.HttpCommandExecutor.execute(HttpCommandExecutor.java:136)\n\tat org.openqa.selenium.remote.service.DriverCommandExecutor.execute(DriverCommandExecutor.java:83)\n\tat org.openqa.selenium.remote.RemoteWebDriver.execute(RemoteWebDriver.java:552)\n\tat org.openqa.selenium.remote.RemoteWebDriver.startSession(RemoteWebDriver.java:213)\n\tat org.openqa.selenium.remote.RemoteWebDriver.\u003cinit\u003e(RemoteWebDriver.java:131)\n\tat org.openqa.selenium.chrome.ChromeDriver.\u003cinit\u003e(ChromeDriver.java:181)\n\tat org.openqa.selenium.chrome.ChromeDriver.\u003cinit\u003e(ChromeDriver.java:168)\n\tat org.openqa.selenium.chrome.ChromeDriver.\u003cinit\u003e(ChromeDriver.java:123)\n\tat com.fdmgroup.util.DriverUtilities.createDriver(DriverUtilities.java:40)\n\tat com.fdmgroup.util.DriverUtilities.getDriver(DriverUtilities.java:30)\n\tat com.fdmgroup.test.CheckinStepDef.setup(CheckinStepDef.java:22)\n",
              "duration": 3630000000,
              "status": "failed"
            },
            "match": {
              "location": "com.fdmgroup.test.CheckinStepDef.setup()"
            }
          },
          {
            "result": {
              "error_message": "org.openqa.selenium.SessionNotCreatedException: session not created: Chrome version must be between 71 and 75\n  (Driver info: chromedriver\u003d2.46.628411 (3324f4c8be9ff2f70a05a30ebc72ffb013e1a71e),platform\u003dMac OS X 10.14.6 x86_64) (WARNING: The server did not provide any stacktrace information)\nCommand duration or timeout: 1.64 seconds\nBuild info: version: \u00273.141.59\u0027, revision: \u0027e82be7d358\u0027, time: \u00272018-11-14T08:17:03\u0027\nSystem info: host: \u0027Jamess-MacBook-Pro.local\u0027, ip: \u0027192.168.2.16\u0027, os.name: \u0027Mac OS X\u0027, os.arch: \u0027x86_64\u0027, os.version: \u002710.14.6\u0027, java.version: \u00271.8.0_251\u0027\nDriver info: driver.version: ChromeDriver\n\tat sun.reflect.NativeConstructorAccessorImpl.newInstance0(Native Method)\n\tat sun.reflect.NativeConstructorAccessorImpl.newInstance(NativeConstructorAccessorImpl.java:62)\n\tat sun.reflect.DelegatingConstructorAccessorImpl.newInstance(DelegatingConstructorAccessorImpl.java:45)\n\tat java.lang.reflect.Constructor.newInstance(Constructor.java:423)\n\tat org.openqa.selenium.remote.ErrorHandler.createThrowable(ErrorHandler.java:214)\n\tat org.openqa.selenium.remote.ErrorHandler.throwIfResponseFailed(ErrorHandler.java:166)\n\tat org.openqa.selenium.remote.JsonWireProtocolResponse.lambda$errorHandler$0(JsonWireProtocolResponse.java:54)\n\tat org.openqa.selenium.remote.HandshakeResponse.lambda$getResponseFunction$0(HandshakeResponse.java:30)\n\tat org.openqa.selenium.remote.ProtocolHandshake.lambda$createSession$0(ProtocolHandshake.java:126)\n\tat java.util.stream.ReferencePipeline$3$1.accept(ReferencePipeline.java:193)\n\tat java.util.Spliterators$ArraySpliterator.tryAdvance(Spliterators.java:958)\n\tat java.util.stream.ReferencePipeline.forEachWithCancel(ReferencePipeline.java:126)\n\tat java.util.stream.AbstractPipeline.copyIntoWithCancel(AbstractPipeline.java:499)\n\tat java.util.stream.AbstractPipeline.copyInto(AbstractPipeline.java:486)\n\tat java.util.stream.AbstractPipeline.wrapAndCopyInto(AbstractPipeline.java:472)\n\tat java.util.stream.FindOps$FindOp.evaluateSequential(FindOps.java:152)\n\tat java.util.stream.AbstractPipeline.evaluate(AbstractPipeline.java:234)\n\tat java.util.stream.ReferencePipeline.findFirst(ReferencePipeline.java:464)\n\tat org.openqa.selenium.remote.ProtocolHandshake.createSession(ProtocolHandshake.java:128)\n\tat org.openqa.selenium.remote.ProtocolHandshake.createSession(ProtocolHandshake.java:74)\n\tat org.openqa.selenium.remote.HttpCommandExecutor.execute(HttpCommandExecutor.java:136)\n\tat org.openqa.selenium.remote.service.DriverCommandExecutor.execute(DriverCommandExecutor.java:83)\n\tat org.openqa.selenium.remote.RemoteWebDriver.execute(RemoteWebDriver.java:552)\n\tat org.openqa.selenium.remote.RemoteWebDriver.startSession(RemoteWebDriver.java:213)\n\tat org.openqa.selenium.remote.RemoteWebDriver.\u003cinit\u003e(RemoteWebDriver.java:131)\n\tat org.openqa.selenium.chrome.ChromeDriver.\u003cinit\u003e(ChromeDriver.java:181)\n\tat org.openqa.selenium.chrome.ChromeDriver.\u003cinit\u003e(ChromeDriver.java:168)\n\tat org.openqa.selenium.chrome.ChromeDriver.\u003cinit\u003e(ChromeDriver.java:123)\n\tat com.fdmgroup.util.DriverUtilities.createDriver(DriverUtilities.java:40)\n\tat com.fdmgroup.util.DriverUtilities.getDriver(DriverUtilities.java:30)\n\tat com.fdmgroup.test.AddClassStepDef.setup(AddClassStepDef.java:24)\n",
              "duration": 1771000000,
              "status": "failed"
            },
            "match": {
              "location": "com.fdmgroup.test.AddClassStepDef.setup()"
            }
          },
          {
            "result": {
              "error_message": "org.openqa.selenium.SessionNotCreatedException: session not created: Chrome version must be between 71 and 75\n  (Driver info: chromedriver\u003d2.46.628411 (3324f4c8be9ff2f70a05a30ebc72ffb013e1a71e),platform\u003dMac OS X 10.14.6 x86_64) (WARNING: The server did not provide any stacktrace information)\nCommand duration or timeout: 1.77 seconds\nBuild info: version: \u00273.141.59\u0027, revision: \u0027e82be7d358\u0027, time: \u00272018-11-14T08:17:03\u0027\nSystem info: host: \u0027Jamess-MacBook-Pro.local\u0027, ip: \u0027192.168.2.16\u0027, os.name: \u0027Mac OS X\u0027, os.arch: \u0027x86_64\u0027, os.version: \u002710.14.6\u0027, java.version: \u00271.8.0_251\u0027\nDriver info: driver.version: ChromeDriver\n\tat sun.reflect.NativeConstructorAccessorImpl.newInstance0(Native Method)\n\tat sun.reflect.NativeConstructorAccessorImpl.newInstance(NativeConstructorAccessorImpl.java:62)\n\tat sun.reflect.DelegatingConstructorAccessorImpl.newInstance(DelegatingConstructorAccessorImpl.java:45)\n\tat java.lang.reflect.Constructor.newInstance(Constructor.java:423)\n\tat org.openqa.selenium.remote.ErrorHandler.createThrowable(ErrorHandler.java:214)\n\tat org.openqa.selenium.remote.ErrorHandler.throwIfResponseFailed(ErrorHandler.java:166)\n\tat org.openqa.selenium.remote.JsonWireProtocolResponse.lambda$errorHandler$0(JsonWireProtocolResponse.java:54)\n\tat org.openqa.selenium.remote.HandshakeResponse.lambda$getResponseFunction$0(HandshakeResponse.java:30)\n\tat org.openqa.selenium.remote.ProtocolHandshake.lambda$createSession$0(ProtocolHandshake.java:126)\n\tat java.util.stream.ReferencePipeline$3$1.accept(ReferencePipeline.java:193)\n\tat java.util.Spliterators$ArraySpliterator.tryAdvance(Spliterators.java:958)\n\tat java.util.stream.ReferencePipeline.forEachWithCancel(ReferencePipeline.java:126)\n\tat java.util.stream.AbstractPipeline.copyIntoWithCancel(AbstractPipeline.java:499)\n\tat java.util.stream.AbstractPipeline.copyInto(AbstractPipeline.java:486)\n\tat java.util.stream.AbstractPipeline.wrapAndCopyInto(AbstractPipeline.java:472)\n\tat java.util.stream.FindOps$FindOp.evaluateSequential(FindOps.java:152)\n\tat java.util.stream.AbstractPipeline.evaluate(AbstractPipeline.java:234)\n\tat java.util.stream.ReferencePipeline.findFirst(ReferencePipeline.java:464)\n\tat org.openqa.selenium.remote.ProtocolHandshake.createSession(ProtocolHandshake.java:128)\n\tat org.openqa.selenium.remote.ProtocolHandshake.createSession(ProtocolHandshake.java:74)\n\tat org.openqa.selenium.remote.HttpCommandExecutor.execute(HttpCommandExecutor.java:136)\n\tat org.openqa.selenium.remote.service.DriverCommandExecutor.execute(DriverCommandExecutor.java:83)\n\tat org.openqa.selenium.remote.RemoteWebDriver.execute(RemoteWebDriver.java:552)\n\tat org.openqa.selenium.remote.RemoteWebDriver.startSession(RemoteWebDriver.java:213)\n\tat org.openqa.selenium.remote.RemoteWebDriver.\u003cinit\u003e(RemoteWebDriver.java:131)\n\tat org.openqa.selenium.chrome.ChromeDriver.\u003cinit\u003e(ChromeDriver.java:181)\n\tat org.openqa.selenium.chrome.ChromeDriver.\u003cinit\u003e(ChromeDriver.java:168)\n\tat org.openqa.selenium.chrome.ChromeDriver.\u003cinit\u003e(ChromeDriver.java:123)\n\tat com.fdmgroup.util.DriverUtilities.createDriver(DriverUtilities.java:40)\n\tat com.fdmgroup.util.DriverUtilities.getDriver(DriverUtilities.java:30)\n\tat com.fdmgroup.test.LoginStepDef.setup(LoginStepDef.java:24)\n",
              "duration": 1896000000,
              "status": "failed"
            },
            "match": {
              "location": "com.fdmgroup.test.LoginStepDef.setup()"
            }
          }
        ],
        "line": 2,
        "name": "Launching a browser and navigating to the applications url should open the login page of the application",
        "description": "",
        "id": "launching-the-application-from-a-web-browser;launching-a-browser-and-navigating-to-the-applications-url-should-open-the-login-page-of-the-application",
        "type": "scenario",
        "keyword": "Scenario",
        "steps": [
          {
            "result": {
              "duration": 1000000,
              "status": "skipped"
            },
            "line": 3,
            "name": "I launch a web browser",
            "match": {
              "location": "com.fdmgroup.test.LaunchAppStepDef.launchBrowser()"
            },
            "keyword": "Given "
          },
          {
            "result": {
              "status": "skipped"
            },
            "line": 4,
            "name": "I navigate to the url of the web application",
            "match": {
              "location": "com.fdmgroup.test.LaunchAppStepDef.openWebApp()"
            },
            "keyword": "When "
          },
          {
            "result": {
              "status": "skipped"
            },
            "line": 5,
            "name": "I should land on the login page",
            "match": {
              "location": "com.fdmgroup.test.LaunchAppStepDef.confirmLoginPage()"
            },
            "keyword": "Then "
          }
        ]
      }
    ],
    "name": "Launching the application from a web browser",
    "description": "",
    "id": "launching-the-application-from-a-web-browser",
    "keyword": "Feature",
    "uri": "file:features/F1_LaunchApp.feature",
    "tags": []
  },
  {
    "line": 1,
    "elements": [
      {
        "start_timestamp": "2020-07-13T14:50:42.971Z",
        "before": [
          {
            "result": {
              "error_message": "org.openqa.selenium.SessionNotCreatedException: session not created: Chrome version must be between 71 and 75\n  (Driver info: chromedriver\u003d2.46.628411 (3324f4c8be9ff2f70a05a30ebc72ffb013e1a71e),platform\u003dMac OS X 10.14.6 x86_64) (WARNING: The server did not provide any stacktrace information)\nCommand duration or timeout: 2.31 seconds\nBuild info: version: \u00273.141.59\u0027, revision: \u0027e82be7d358\u0027, time: \u00272018-11-14T08:17:03\u0027\nSystem info: host: \u0027Jamess-MacBook-Pro.local\u0027, ip: \u0027192.168.2.16\u0027, os.name: \u0027Mac OS X\u0027, os.arch: \u0027x86_64\u0027, os.version: \u002710.14.6\u0027, java.version: \u00271.8.0_251\u0027\nDriver info: driver.version: ChromeDriver\n\tat sun.reflect.NativeConstructorAccessorImpl.newInstance0(Native Method)\n\tat sun.reflect.NativeConstructorAccessorImpl.newInstance(NativeConstructorAccessorImpl.java:62)\n\tat sun.reflect.DelegatingConstructorAccessorImpl.newInstance(DelegatingConstructorAccessorImpl.java:45)\n\tat java.lang.reflect.Constructor.newInstance(Constructor.java:423)\n\tat org.openqa.selenium.remote.ErrorHandler.createThrowable(ErrorHandler.java:214)\n\tat org.openqa.selenium.remote.ErrorHandler.throwIfResponseFailed(ErrorHandler.java:166)\n\tat org.openqa.selenium.remote.JsonWireProtocolResponse.lambda$errorHandler$0(JsonWireProtocolResponse.java:54)\n\tat org.openqa.selenium.remote.HandshakeResponse.lambda$getResponseFunction$0(HandshakeResponse.java:30)\n\tat org.openqa.selenium.remote.ProtocolHandshake.lambda$createSession$0(ProtocolHandshake.java:126)\n\tat java.util.stream.ReferencePipeline$3$1.accept(ReferencePipeline.java:193)\n\tat java.util.Spliterators$ArraySpliterator.tryAdvance(Spliterators.java:958)\n\tat java.util.stream.ReferencePipeline.forEachWithCancel(ReferencePipeline.java:126)\n\tat java.util.stream.AbstractPipeline.copyIntoWithCancel(AbstractPipeline.java:499)\n\tat java.util.stream.AbstractPipeline.copyInto(AbstractPipeline.java:486)\n\tat java.util.stream.AbstractPipeline.wrapAndCopyInto(AbstractPipeline.java:472)\n\tat java.util.stream.FindOps$FindOp.evaluateSequential(FindOps.java:152)\n\tat java.util.stream.AbstractPipeline.evaluate(AbstractPipeline.java:234)\n\tat java.util.stream.ReferencePipeline.findFirst(ReferencePipeline.java:464)\n\tat org.openqa.selenium.remote.ProtocolHandshake.createSession(ProtocolHandshake.java:128)\n\tat org.openqa.selenium.remote.ProtocolHandshake.createSession(ProtocolHandshake.java:74)\n\tat org.openqa.selenium.remote.HttpCommandExecutor.execute(HttpCommandExecutor.java:136)\n\tat org.openqa.selenium.remote.service.DriverCommandExecutor.execute(DriverCommandExecutor.java:83)\n\tat org.openqa.selenium.remote.RemoteWebDriver.execute(RemoteWebDriver.java:552)\n\tat org.openqa.selenium.remote.RemoteWebDriver.startSession(RemoteWebDriver.java:213)\n\tat org.openqa.selenium.remote.RemoteWebDriver.\u003cinit\u003e(RemoteWebDriver.java:131)\n\tat org.openqa.selenium.chrome.ChromeDriver.\u003cinit\u003e(ChromeDriver.java:181)\n\tat org.openqa.selenium.chrome.ChromeDriver.\u003cinit\u003e(ChromeDriver.java:168)\n\tat org.openqa.selenium.chrome.ChromeDriver.\u003cinit\u003e(ChromeDriver.java:123)\n\tat com.fdmgroup.util.DriverUtilities.createDriver(DriverUtilities.java:40)\n\tat com.fdmgroup.util.DriverUtilities.getDriver(DriverUtilities.java:30)\n\tat com.fdmgroup.test.CheckinStepDef.setup(CheckinStepDef.java:22)\n",
              "duration": 2675000000,
              "status": "failed"
            },
            "match": {
              "location": "com.fdmgroup.test.CheckinStepDef.setup()"
            }
          },
          {
            "result": {
              "error_message": "org.openqa.selenium.SessionNotCreatedException: session not created: Chrome version must be between 71 and 75\n  (Driver info: chromedriver\u003d2.46.628411 (3324f4c8be9ff2f70a05a30ebc72ffb013e1a71e),platform\u003dMac OS X 10.14.6 x86_64) (WARNING: The server did not provide any stacktrace information)\nCommand duration or timeout: 1.92 seconds\nBuild info: version: \u00273.141.59\u0027, revision: \u0027e82be7d358\u0027, time: \u00272018-11-14T08:17:03\u0027\nSystem info: host: \u0027Jamess-MacBook-Pro.local\u0027, ip: \u0027192.168.2.16\u0027, os.name: \u0027Mac OS X\u0027, os.arch: \u0027x86_64\u0027, os.version: \u002710.14.6\u0027, java.version: \u00271.8.0_251\u0027\nDriver info: driver.version: ChromeDriver\n\tat sun.reflect.NativeConstructorAccessorImpl.newInstance0(Native Method)\n\tat sun.reflect.NativeConstructorAccessorImpl.newInstance(NativeConstructorAccessorImpl.java:62)\n\tat sun.reflect.DelegatingConstructorAccessorImpl.newInstance(DelegatingConstructorAccessorImpl.java:45)\n\tat java.lang.reflect.Constructor.newInstance(Constructor.java:423)\n\tat org.openqa.selenium.remote.ErrorHandler.createThrowable(ErrorHandler.java:214)\n\tat org.openqa.selenium.remote.ErrorHandler.throwIfResponseFailed(ErrorHandler.java:166)\n\tat org.openqa.selenium.remote.JsonWireProtocolResponse.lambda$errorHandler$0(JsonWireProtocolResponse.java:54)\n\tat org.openqa.selenium.remote.HandshakeResponse.lambda$getResponseFunction$0(HandshakeResponse.java:30)\n\tat org.openqa.selenium.remote.ProtocolHandshake.lambda$createSession$0(ProtocolHandshake.java:126)\n\tat java.util.stream.ReferencePipeline$3$1.accept(ReferencePipeline.java:193)\n\tat java.util.Spliterators$ArraySpliterator.tryAdvance(Spliterators.java:958)\n\tat java.util.stream.ReferencePipeline.forEachWithCancel(ReferencePipeline.java:126)\n\tat java.util.stream.AbstractPipeline.copyIntoWithCancel(AbstractPipeline.java:499)\n\tat java.util.stream.AbstractPipeline.copyInto(AbstractPipeline.java:486)\n\tat java.util.stream.AbstractPipeline.wrapAndCopyInto(AbstractPipeline.java:472)\n\tat java.util.stream.FindOps$FindOp.evaluateSequential(FindOps.java:152)\n\tat java.util.stream.AbstractPipeline.evaluate(AbstractPipeline.java:234)\n\tat java.util.stream.ReferencePipeline.findFirst(ReferencePipeline.java:464)\n\tat org.openqa.selenium.remote.ProtocolHandshake.createSession(ProtocolHandshake.java:128)\n\tat org.openqa.selenium.remote.ProtocolHandshake.createSession(ProtocolHandshake.java:74)\n\tat org.openqa.selenium.remote.HttpCommandExecutor.execute(HttpCommandExecutor.java:136)\n\tat org.openqa.selenium.remote.service.DriverCommandExecutor.execute(DriverCommandExecutor.java:83)\n\tat org.openqa.selenium.remote.RemoteWebDriver.execute(RemoteWebDriver.java:552)\n\tat org.openqa.selenium.remote.RemoteWebDriver.startSession(RemoteWebDriver.java:213)\n\tat org.openqa.selenium.remote.RemoteWebDriver.\u003cinit\u003e(RemoteWebDriver.java:131)\n\tat org.openqa.selenium.chrome.ChromeDriver.\u003cinit\u003e(ChromeDriver.java:181)\n\tat org.openqa.selenium.chrome.ChromeDriver.\u003cinit\u003e(ChromeDriver.java:168)\n\tat org.openqa.selenium.chrome.ChromeDriver.\u003cinit\u003e(ChromeDriver.java:123)\n\tat com.fdmgroup.util.DriverUtilities.createDriver(DriverUtilities.java:40)\n\tat com.fdmgroup.util.DriverUtilities.getDriver(DriverUtilities.java:30)\n\tat com.fdmgroup.test.AddClassStepDef.setup(AddClassStepDef.java:24)\n",
              "duration": 2014000000,
              "status": "failed"
            },
            "match": {
              "location": "com.fdmgroup.test.AddClassStepDef.setup()"
            }
          },
          {
            "result": {
              "error_message": "org.openqa.selenium.SessionNotCreatedException: session not created: Chrome version must be between 71 and 75\n  (Driver info: chromedriver\u003d2.46.628411 (3324f4c8be9ff2f70a05a30ebc72ffb013e1a71e),platform\u003dMac OS X 10.14.6 x86_64) (WARNING: The server did not provide any stacktrace information)\nCommand duration or timeout: 1.93 seconds\nBuild info: version: \u00273.141.59\u0027, revision: \u0027e82be7d358\u0027, time: \u00272018-11-14T08:17:03\u0027\nSystem info: host: \u0027Jamess-MacBook-Pro.local\u0027, ip: \u0027192.168.2.16\u0027, os.name: \u0027Mac OS X\u0027, os.arch: \u0027x86_64\u0027, os.version: \u002710.14.6\u0027, java.version: \u00271.8.0_251\u0027\nDriver info: driver.version: ChromeDriver\n\tat sun.reflect.NativeConstructorAccessorImpl.newInstance0(Native Method)\n\tat sun.reflect.NativeConstructorAccessorImpl.newInstance(NativeConstructorAccessorImpl.java:62)\n\tat sun.reflect.DelegatingConstructorAccessorImpl.newInstance(DelegatingConstructorAccessorImpl.java:45)\n\tat java.lang.reflect.Constructor.newInstance(Constructor.java:423)\n\tat org.openqa.selenium.remote.ErrorHandler.createThrowable(ErrorHandler.java:214)\n\tat org.openqa.selenium.remote.ErrorHandler.throwIfResponseFailed(ErrorHandler.java:166)\n\tat org.openqa.selenium.remote.JsonWireProtocolResponse.lambda$errorHandler$0(JsonWireProtocolResponse.java:54)\n\tat org.openqa.selenium.remote.HandshakeResponse.lambda$getResponseFunction$0(HandshakeResponse.java:30)\n\tat org.openqa.selenium.remote.ProtocolHandshake.lambda$createSession$0(ProtocolHandshake.java:126)\n\tat java.util.stream.ReferencePipeline$3$1.accept(ReferencePipeline.java:193)\n\tat java.util.Spliterators$ArraySpliterator.tryAdvance(Spliterators.java:958)\n\tat java.util.stream.ReferencePipeline.forEachWithCancel(ReferencePipeline.java:126)\n\tat java.util.stream.AbstractPipeline.copyIntoWithCancel(AbstractPipeline.java:499)\n\tat java.util.stream.AbstractPipeline.copyInto(AbstractPipeline.java:486)\n\tat java.util.stream.AbstractPipeline.wrapAndCopyInto(AbstractPipeline.java:472)\n\tat java.util.stream.FindOps$FindOp.evaluateSequential(FindOps.java:152)\n\tat java.util.stream.AbstractPipeline.evaluate(AbstractPipeline.java:234)\n\tat java.util.stream.ReferencePipeline.findFirst(ReferencePipeline.java:464)\n\tat org.openqa.selenium.remote.ProtocolHandshake.createSession(ProtocolHandshake.java:128)\n\tat org.openqa.selenium.remote.ProtocolHandshake.createSession(ProtocolHandshake.java:74)\n\tat org.openqa.selenium.remote.HttpCommandExecutor.execute(HttpCommandExecutor.java:136)\n\tat org.openqa.selenium.remote.service.DriverCommandExecutor.execute(DriverCommandExecutor.java:83)\n\tat org.openqa.selenium.remote.RemoteWebDriver.execute(RemoteWebDriver.java:552)\n\tat org.openqa.selenium.remote.RemoteWebDriver.startSession(RemoteWebDriver.java:213)\n\tat org.openqa.selenium.remote.RemoteWebDriver.\u003cinit\u003e(RemoteWebDriver.java:131)\n\tat org.openqa.selenium.chrome.ChromeDriver.\u003cinit\u003e(ChromeDriver.java:181)\n\tat org.openqa.selenium.chrome.ChromeDriver.\u003cinit\u003e(ChromeDriver.java:168)\n\tat org.openqa.selenium.chrome.ChromeDriver.\u003cinit\u003e(ChromeDriver.java:123)\n\tat com.fdmgroup.util.DriverUtilities.createDriver(DriverUtilities.java:40)\n\tat com.fdmgroup.util.DriverUtilities.getDriver(DriverUtilities.java:30)\n\tat com.fdmgroup.test.LoginStepDef.setup(LoginStepDef.java:24)\n",
              "duration": 2055000000,
              "status": "failed"
            },
            "match": {
              "location": "com.fdmgroup.test.LoginStepDef.setup()"
            }
          }
        ],
        "line": 2,
        "name": "Entering valid credentials and clicking submit should send me to the user portal page",
        "description": "",
        "id": "login-to-the-web-application;entering-valid-credentials-and-clicking-submit-should-send-me-to-the-user-portal-page",
        "type": "scenario",
        "keyword": "Scenario",
        "steps": [
          {
            "result": {
              "status": "skipped"
            },
            "line": 3,
            "name": "I launch a web browser",
            "match": {
              "location": "com.fdmgroup.test.LaunchAppStepDef.launchBrowser()"
            },
            "keyword": "Given "
          },
          {
            "result": {
              "duration": 1000000,
              "status": "skipped"
            },
            "line": 4,
            "name": "I navigate to the url of the web application",
            "match": {
              "location": "com.fdmgroup.test.LaunchAppStepDef.openWebApp()"
            },
            "keyword": "And "
          },
          {
            "result": {
              "status": "skipped"
            },
            "line": 5,
            "name": "I enter valid credentials",
            "match": {
              "location": "com.fdmgroup.test.LoginStepDef.enterCredentials()"
            },
            "keyword": "When "
          },
          {
            "result": {
              "status": "skipped"
            },
            "line": 6,
            "name": "I should land on the user portal page",
            "match": {
              "location": "com.fdmgroup.test.LoginStepDef.confirmPortalPage()"
            },
            "keyword": "Then "
          }
        ]
      }
    ],
    "name": "Login to the web application",
    "description": "",
    "id": "login-to-the-web-application",
    "keyword": "Feature",
    "uri": "file:features/F2_Login.feature",
    "tags": []
  },
  {
    "line": 1,
    "elements": [
      {
        "start_timestamp": "2020-07-13T14:50:49.758Z",
        "before": [
          {
            "result": {
              "error_message": "org.openqa.selenium.SessionNotCreatedException: session not created: Chrome version must be between 71 and 75\n  (Driver info: chromedriver\u003d2.46.628411 (3324f4c8be9ff2f70a05a30ebc72ffb013e1a71e),platform\u003dMac OS X 10.14.6 x86_64) (WARNING: The server did not provide any stacktrace information)\nCommand duration or timeout: 1.66 seconds\nBuild info: version: \u00273.141.59\u0027, revision: \u0027e82be7d358\u0027, time: \u00272018-11-14T08:17:03\u0027\nSystem info: host: \u0027Jamess-MacBook-Pro.local\u0027, ip: \u0027192.168.2.16\u0027, os.name: \u0027Mac OS X\u0027, os.arch: \u0027x86_64\u0027, os.version: \u002710.14.6\u0027, java.version: \u00271.8.0_251\u0027\nDriver info: driver.version: ChromeDriver\n\tat sun.reflect.NativeConstructorAccessorImpl.newInstance0(Native Method)\n\tat sun.reflect.NativeConstructorAccessorImpl.newInstance(NativeConstructorAccessorImpl.java:62)\n\tat sun.reflect.DelegatingConstructorAccessorImpl.newInstance(DelegatingConstructorAccessorImpl.java:45)\n\tat java.lang.reflect.Constructor.newInstance(Constructor.java:423)\n\tat org.openqa.selenium.remote.ErrorHandler.createThrowable(ErrorHandler.java:214)\n\tat org.openqa.selenium.remote.ErrorHandler.throwIfResponseFailed(ErrorHandler.java:166)\n\tat org.openqa.selenium.remote.JsonWireProtocolResponse.lambda$errorHandler$0(JsonWireProtocolResponse.java:54)\n\tat org.openqa.selenium.remote.HandshakeResponse.lambda$getResponseFunction$0(HandshakeResponse.java:30)\n\tat org.openqa.selenium.remote.ProtocolHandshake.lambda$createSession$0(ProtocolHandshake.java:126)\n\tat java.util.stream.ReferencePipeline$3$1.accept(ReferencePipeline.java:193)\n\tat java.util.Spliterators$ArraySpliterator.tryAdvance(Spliterators.java:958)\n\tat java.util.stream.ReferencePipeline.forEachWithCancel(ReferencePipeline.java:126)\n\tat java.util.stream.AbstractPipeline.copyIntoWithCancel(AbstractPipeline.java:499)\n\tat java.util.stream.AbstractPipeline.copyInto(AbstractPipeline.java:486)\n\tat java.util.stream.AbstractPipeline.wrapAndCopyInto(AbstractPipeline.java:472)\n\tat java.util.stream.FindOps$FindOp.evaluateSequential(FindOps.java:152)\n\tat java.util.stream.AbstractPipeline.evaluate(AbstractPipeline.java:234)\n\tat java.util.stream.ReferencePipeline.findFirst(ReferencePipeline.java:464)\n\tat org.openqa.selenium.remote.ProtocolHandshake.createSession(ProtocolHandshake.java:128)\n\tat org.openqa.selenium.remote.ProtocolHandshake.createSession(ProtocolHandshake.java:74)\n\tat org.openqa.selenium.remote.HttpCommandExecutor.execute(HttpCommandExecutor.java:136)\n\tat org.openqa.selenium.remote.service.DriverCommandExecutor.execute(DriverCommandExecutor.java:83)\n\tat org.openqa.selenium.remote.RemoteWebDriver.execute(RemoteWebDriver.java:552)\n\tat org.openqa.selenium.remote.RemoteWebDriver.startSession(RemoteWebDriver.java:213)\n\tat org.openqa.selenium.remote.RemoteWebDriver.\u003cinit\u003e(RemoteWebDriver.java:131)\n\tat org.openqa.selenium.chrome.ChromeDriver.\u003cinit\u003e(ChromeDriver.java:181)\n\tat org.openqa.selenium.chrome.ChromeDriver.\u003cinit\u003e(ChromeDriver.java:168)\n\tat org.openqa.selenium.chrome.ChromeDriver.\u003cinit\u003e(ChromeDriver.java:123)\n\tat com.fdmgroup.util.DriverUtilities.createDriver(DriverUtilities.java:40)\n\tat com.fdmgroup.util.DriverUtilities.getDriver(DriverUtilities.java:30)\n\tat com.fdmgroup.test.CheckinStepDef.setup(CheckinStepDef.java:22)\n",
              "duration": 1757000000,
              "status": "failed"
            },
            "match": {
              "location": "com.fdmgroup.test.CheckinStepDef.setup()"
            }
          },
          {
            "result": {
              "error_message": "org.openqa.selenium.SessionNotCreatedException: session not created: Chrome version must be between 71 and 75\n  (Driver info: chromedriver\u003d2.46.628411 (3324f4c8be9ff2f70a05a30ebc72ffb013e1a71e),platform\u003dMac OS X 10.14.6 x86_64) (WARNING: The server did not provide any stacktrace information)\nCommand duration or timeout: 1.73 seconds\nBuild info: version: \u00273.141.59\u0027, revision: \u0027e82be7d358\u0027, time: \u00272018-11-14T08:17:03\u0027\nSystem info: host: \u0027Jamess-MacBook-Pro.local\u0027, ip: \u0027192.168.2.16\u0027, os.name: \u0027Mac OS X\u0027, os.arch: \u0027x86_64\u0027, os.version: \u002710.14.6\u0027, java.version: \u00271.8.0_251\u0027\nDriver info: driver.version: ChromeDriver\n\tat sun.reflect.NativeConstructorAccessorImpl.newInstance0(Native Method)\n\tat sun.reflect.NativeConstructorAccessorImpl.newInstance(NativeConstructorAccessorImpl.java:62)\n\tat sun.reflect.DelegatingConstructorAccessorImpl.newInstance(DelegatingConstructorAccessorImpl.java:45)\n\tat java.lang.reflect.Constructor.newInstance(Constructor.java:423)\n\tat org.openqa.selenium.remote.ErrorHandler.createThrowable(ErrorHandler.java:214)\n\tat org.openqa.selenium.remote.ErrorHandler.throwIfResponseFailed(ErrorHandler.java:166)\n\tat org.openqa.selenium.remote.JsonWireProtocolResponse.lambda$errorHandler$0(JsonWireProtocolResponse.java:54)\n\tat org.openqa.selenium.remote.HandshakeResponse.lambda$getResponseFunction$0(HandshakeResponse.java:30)\n\tat org.openqa.selenium.remote.ProtocolHandshake.lambda$createSession$0(ProtocolHandshake.java:126)\n\tat java.util.stream.ReferencePipeline$3$1.accept(ReferencePipeline.java:193)\n\tat java.util.Spliterators$ArraySpliterator.tryAdvance(Spliterators.java:958)\n\tat java.util.stream.ReferencePipeline.forEachWithCancel(ReferencePipeline.java:126)\n\tat java.util.stream.AbstractPipeline.copyIntoWithCancel(AbstractPipeline.java:499)\n\tat java.util.stream.AbstractPipeline.copyInto(AbstractPipeline.java:486)\n\tat java.util.stream.AbstractPipeline.wrapAndCopyInto(AbstractPipeline.java:472)\n\tat java.util.stream.FindOps$FindOp.evaluateSequential(FindOps.java:152)\n\tat java.util.stream.AbstractPipeline.evaluate(AbstractPipeline.java:234)\n\tat java.util.stream.ReferencePipeline.findFirst(ReferencePipeline.java:464)\n\tat org.openqa.selenium.remote.ProtocolHandshake.createSession(ProtocolHandshake.java:128)\n\tat org.openqa.selenium.remote.ProtocolHandshake.createSession(ProtocolHandshake.java:74)\n\tat org.openqa.selenium.remote.HttpCommandExecutor.execute(HttpCommandExecutor.java:136)\n\tat org.openqa.selenium.remote.service.DriverCommandExecutor.execute(DriverCommandExecutor.java:83)\n\tat org.openqa.selenium.remote.RemoteWebDriver.execute(RemoteWebDriver.java:552)\n\tat org.openqa.selenium.remote.RemoteWebDriver.startSession(RemoteWebDriver.java:213)\n\tat org.openqa.selenium.remote.RemoteWebDriver.\u003cinit\u003e(RemoteWebDriver.java:131)\n\tat org.openqa.selenium.chrome.ChromeDriver.\u003cinit\u003e(ChromeDriver.java:181)\n\tat org.openqa.selenium.chrome.ChromeDriver.\u003cinit\u003e(ChromeDriver.java:168)\n\tat org.openqa.selenium.chrome.ChromeDriver.\u003cinit\u003e(ChromeDriver.java:123)\n\tat com.fdmgroup.util.DriverUtilities.createDriver(DriverUtilities.java:40)\n\tat com.fdmgroup.util.DriverUtilities.getDriver(DriverUtilities.java:30)\n\tat com.fdmgroup.test.AddClassStepDef.setup(AddClassStepDef.java:24)\n",
              "duration": 1829000000,
              "status": "failed"
            },
            "match": {
              "location": "com.fdmgroup.test.AddClassStepDef.setup()"
            }
          },
          {
            "result": {
              "error_message": "org.openqa.selenium.SessionNotCreatedException: session not created: Chrome version must be between 71 and 75\n  (Driver info: chromedriver\u003d2.46.628411 (3324f4c8be9ff2f70a05a30ebc72ffb013e1a71e),platform\u003dMac OS X 10.14.6 x86_64) (WARNING: The server did not provide any stacktrace information)\nCommand duration or timeout: 1.61 seconds\nBuild info: version: \u00273.141.59\u0027, revision: \u0027e82be7d358\u0027, time: \u00272018-11-14T08:17:03\u0027\nSystem info: host: \u0027Jamess-MacBook-Pro.local\u0027, ip: \u0027192.168.2.16\u0027, os.name: \u0027Mac OS X\u0027, os.arch: \u0027x86_64\u0027, os.version: \u002710.14.6\u0027, java.version: \u00271.8.0_251\u0027\nDriver info: driver.version: ChromeDriver\n\tat sun.reflect.NativeConstructorAccessorImpl.newInstance0(Native Method)\n\tat sun.reflect.NativeConstructorAccessorImpl.newInstance(NativeConstructorAccessorImpl.java:62)\n\tat sun.reflect.DelegatingConstructorAccessorImpl.newInstance(DelegatingConstructorAccessorImpl.java:45)\n\tat java.lang.reflect.Constructor.newInstance(Constructor.java:423)\n\tat org.openqa.selenium.remote.ErrorHandler.createThrowable(ErrorHandler.java:214)\n\tat org.openqa.selenium.remote.ErrorHandler.throwIfResponseFailed(ErrorHandler.java:166)\n\tat org.openqa.selenium.remote.JsonWireProtocolResponse.lambda$errorHandler$0(JsonWireProtocolResponse.java:54)\n\tat org.openqa.selenium.remote.HandshakeResponse.lambda$getResponseFunction$0(HandshakeResponse.java:30)\n\tat org.openqa.selenium.remote.ProtocolHandshake.lambda$createSession$0(ProtocolHandshake.java:126)\n\tat java.util.stream.ReferencePipeline$3$1.accept(ReferencePipeline.java:193)\n\tat java.util.Spliterators$ArraySpliterator.tryAdvance(Spliterators.java:958)\n\tat java.util.stream.ReferencePipeline.forEachWithCancel(ReferencePipeline.java:126)\n\tat java.util.stream.AbstractPipeline.copyIntoWithCancel(AbstractPipeline.java:499)\n\tat java.util.stream.AbstractPipeline.copyInto(AbstractPipeline.java:486)\n\tat java.util.stream.AbstractPipeline.wrapAndCopyInto(AbstractPipeline.java:472)\n\tat java.util.stream.FindOps$FindOp.evaluateSequential(FindOps.java:152)\n\tat java.util.stream.AbstractPipeline.evaluate(AbstractPipeline.java:234)\n\tat java.util.stream.ReferencePipeline.findFirst(ReferencePipeline.java:464)\n\tat org.openqa.selenium.remote.ProtocolHandshake.createSession(ProtocolHandshake.java:128)\n\tat org.openqa.selenium.remote.ProtocolHandshake.createSession(ProtocolHandshake.java:74)\n\tat org.openqa.selenium.remote.HttpCommandExecutor.execute(HttpCommandExecutor.java:136)\n\tat org.openqa.selenium.remote.service.DriverCommandExecutor.execute(DriverCommandExecutor.java:83)\n\tat org.openqa.selenium.remote.RemoteWebDriver.execute(RemoteWebDriver.java:552)\n\tat org.openqa.selenium.remote.RemoteWebDriver.startSession(RemoteWebDriver.java:213)\n\tat org.openqa.selenium.remote.RemoteWebDriver.\u003cinit\u003e(RemoteWebDriver.java:131)\n\tat org.openqa.selenium.chrome.ChromeDriver.\u003cinit\u003e(ChromeDriver.java:181)\n\tat org.openqa.selenium.chrome.ChromeDriver.\u003cinit\u003e(ChromeDriver.java:168)\n\tat org.openqa.selenium.chrome.ChromeDriver.\u003cinit\u003e(ChromeDriver.java:123)\n\tat com.fdmgroup.util.DriverUtilities.createDriver(DriverUtilities.java:40)\n\tat com.fdmgroup.util.DriverUtilities.getDriver(DriverUtilities.java:30)\n\tat com.fdmgroup.test.LoginStepDef.setup(LoginStepDef.java:24)\n",
              "duration": 1704000000,
              "status": "failed"
            },
            "match": {
              "location": "com.fdmgroup.test.LoginStepDef.setup()"
            }
          }
        ],
        "line": 2,
        "name": "Clicking the check in button when I have a class that day should result in a confirmation that I checked in",
        "description": "",
        "id": "checkin-feature-of-the-web-application;clicking-the-check-in-button-when-i-have-a-class-that-day-should-result-in-a-confirmation-that-i-checked-in",
        "type": "scenario",
        "keyword": "Scenario",
        "steps": [
          {
            "result": {
              "status": "skipped"
            },
            "line": 3,
            "name": "I launch a web browser",
            "match": {
              "location": "com.fdmgroup.test.LaunchAppStepDef.launchBrowser()"
            },
            "keyword": "Given "
          },
          {
            "result": {
              "status": "skipped"
            },
            "line": 4,
            "name": "I navigate to the url of the web application",
            "match": {
              "location": "com.fdmgroup.test.LaunchAppStepDef.openWebApp()"
            },
            "keyword": "And "
          },
          {
            "result": {
              "duration": 6000000,
              "status": "skipped"
            },
            "line": 5,
            "name": "I enter valid credentials",
            "match": {
              "location": "com.fdmgroup.test.LoginStepDef.enterCredentials()"
            },
            "keyword": "And "
          },
          {
            "result": {
              "status": "skipped"
            },
            "line": 6,
            "name": "I click the check-in button",
            "match": {
              "location": "com.fdmgroup.test.CheckinStepDef.checkIn()"
            },
            "keyword": "When "
          },
          {
            "result": {
              "status": "skipped"
            },
            "line": 7,
            "name": "I should see a message confirming I checked in",
            "match": {
              "location": "com.fdmgroup.test.CheckinStepDef.confirmCheckin()"
            },
            "keyword": "Then "
          }
        ]
      }
    ],
    "name": "Checkin feature of the web application",
    "description": "",
    "id": "checkin-feature-of-the-web-application",
    "keyword": "Feature",
    "uri": "file:features/F3_CheckIn.feature",
    "tags": []
  },
  {
    "line": 1,
    "elements": [
      {
        "start_timestamp": "2020-07-13T14:50:55.118Z",
        "before": [
          {
            "result": {
              "error_message": "org.openqa.selenium.SessionNotCreatedException: session not created: Chrome version must be between 71 and 75\n  (Driver info: chromedriver\u003d2.46.628411 (3324f4c8be9ff2f70a05a30ebc72ffb013e1a71e),platform\u003dMac OS X 10.14.6 x86_64) (WARNING: The server did not provide any stacktrace information)\nCommand duration or timeout: 2.49 seconds\nBuild info: version: \u00273.141.59\u0027, revision: \u0027e82be7d358\u0027, time: \u00272018-11-14T08:17:03\u0027\nSystem info: host: \u0027Jamess-MacBook-Pro.local\u0027, ip: \u0027192.168.2.16\u0027, os.name: \u0027Mac OS X\u0027, os.arch: \u0027x86_64\u0027, os.version: \u002710.14.6\u0027, java.version: \u00271.8.0_251\u0027\nDriver info: driver.version: ChromeDriver\n\tat sun.reflect.NativeConstructorAccessorImpl.newInstance0(Native Method)\n\tat sun.reflect.NativeConstructorAccessorImpl.newInstance(NativeConstructorAccessorImpl.java:62)\n\tat sun.reflect.DelegatingConstructorAccessorImpl.newInstance(DelegatingConstructorAccessorImpl.java:45)\n\tat java.lang.reflect.Constructor.newInstance(Constructor.java:423)\n\tat org.openqa.selenium.remote.ErrorHandler.createThrowable(ErrorHandler.java:214)\n\tat org.openqa.selenium.remote.ErrorHandler.throwIfResponseFailed(ErrorHandler.java:166)\n\tat org.openqa.selenium.remote.JsonWireProtocolResponse.lambda$errorHandler$0(JsonWireProtocolResponse.java:54)\n\tat org.openqa.selenium.remote.HandshakeResponse.lambda$getResponseFunction$0(HandshakeResponse.java:30)\n\tat org.openqa.selenium.remote.ProtocolHandshake.lambda$createSession$0(ProtocolHandshake.java:126)\n\tat java.util.stream.ReferencePipeline$3$1.accept(ReferencePipeline.java:193)\n\tat java.util.Spliterators$ArraySpliterator.tryAdvance(Spliterators.java:958)\n\tat java.util.stream.ReferencePipeline.forEachWithCancel(ReferencePipeline.java:126)\n\tat java.util.stream.AbstractPipeline.copyIntoWithCancel(AbstractPipeline.java:499)\n\tat java.util.stream.AbstractPipeline.copyInto(AbstractPipeline.java:486)\n\tat java.util.stream.AbstractPipeline.wrapAndCopyInto(AbstractPipeline.java:472)\n\tat java.util.stream.FindOps$FindOp.evaluateSequential(FindOps.java:152)\n\tat java.util.stream.AbstractPipeline.evaluate(AbstractPipeline.java:234)\n\tat java.util.stream.ReferencePipeline.findFirst(ReferencePipeline.java:464)\n\tat org.openqa.selenium.remote.ProtocolHandshake.createSession(ProtocolHandshake.java:128)\n\tat org.openqa.selenium.remote.ProtocolHandshake.createSession(ProtocolHandshake.java:74)\n\tat org.openqa.selenium.remote.HttpCommandExecutor.execute(HttpCommandExecutor.java:136)\n\tat org.openqa.selenium.remote.service.DriverCommandExecutor.execute(DriverCommandExecutor.java:83)\n\tat org.openqa.selenium.remote.RemoteWebDriver.execute(RemoteWebDriver.java:552)\n\tat org.openqa.selenium.remote.RemoteWebDriver.startSession(RemoteWebDriver.java:213)\n\tat org.openqa.selenium.remote.RemoteWebDriver.\u003cinit\u003e(RemoteWebDriver.java:131)\n\tat org.openqa.selenium.chrome.ChromeDriver.\u003cinit\u003e(ChromeDriver.java:181)\n\tat org.openqa.selenium.chrome.ChromeDriver.\u003cinit\u003e(ChromeDriver.java:168)\n\tat org.openqa.selenium.chrome.ChromeDriver.\u003cinit\u003e(ChromeDriver.java:123)\n\tat com.fdmgroup.util.DriverUtilities.createDriver(DriverUtilities.java:40)\n\tat com.fdmgroup.util.DriverUtilities.getDriver(DriverUtilities.java:30)\n\tat com.fdmgroup.test.CheckinStepDef.setup(CheckinStepDef.java:22)\n",
              "duration": 2592000000,
              "status": "failed"
            },
            "match": {
              "location": "com.fdmgroup.test.CheckinStepDef.setup()"
            }
          },
          {
            "result": {
              "error_message": "org.openqa.selenium.SessionNotCreatedException: session not created: Chrome version must be between 71 and 75\n  (Driver info: chromedriver\u003d2.46.628411 (3324f4c8be9ff2f70a05a30ebc72ffb013e1a71e),platform\u003dMac OS X 10.14.6 x86_64) (WARNING: The server did not provide any stacktrace information)\nCommand duration or timeout: 2.42 seconds\nBuild info: version: \u00273.141.59\u0027, revision: \u0027e82be7d358\u0027, time: \u00272018-11-14T08:17:03\u0027\nSystem info: host: \u0027Jamess-MacBook-Pro.local\u0027, ip: \u0027192.168.2.16\u0027, os.name: \u0027Mac OS X\u0027, os.arch: \u0027x86_64\u0027, os.version: \u002710.14.6\u0027, java.version: \u00271.8.0_251\u0027\nDriver info: driver.version: ChromeDriver\n\tat sun.reflect.NativeConstructorAccessorImpl.newInstance0(Native Method)\n\tat sun.reflect.NativeConstructorAccessorImpl.newInstance(NativeConstructorAccessorImpl.java:62)\n\tat sun.reflect.DelegatingConstructorAccessorImpl.newInstance(DelegatingConstructorAccessorImpl.java:45)\n\tat java.lang.reflect.Constructor.newInstance(Constructor.java:423)\n\tat org.openqa.selenium.remote.ErrorHandler.createThrowable(ErrorHandler.java:214)\n\tat org.openqa.selenium.remote.ErrorHandler.throwIfResponseFailed(ErrorHandler.java:166)\n\tat org.openqa.selenium.remote.JsonWireProtocolResponse.lambda$errorHandler$0(JsonWireProtocolResponse.java:54)\n\tat org.openqa.selenium.remote.HandshakeResponse.lambda$getResponseFunction$0(HandshakeResponse.java:30)\n\tat org.openqa.selenium.remote.ProtocolHandshake.lambda$createSession$0(ProtocolHandshake.java:126)\n\tat java.util.stream.ReferencePipeline$3$1.accept(ReferencePipeline.java:193)\n\tat java.util.Spliterators$ArraySpliterator.tryAdvance(Spliterators.java:958)\n\tat java.util.stream.ReferencePipeline.forEachWithCancel(ReferencePipeline.java:126)\n\tat java.util.stream.AbstractPipeline.copyIntoWithCancel(AbstractPipeline.java:499)\n\tat java.util.stream.AbstractPipeline.copyInto(AbstractPipeline.java:486)\n\tat java.util.stream.AbstractPipeline.wrapAndCopyInto(AbstractPipeline.java:472)\n\tat java.util.stream.FindOps$FindOp.evaluateSequential(FindOps.java:152)\n\tat java.util.stream.AbstractPipeline.evaluate(AbstractPipeline.java:234)\n\tat java.util.stream.ReferencePipeline.findFirst(ReferencePipeline.java:464)\n\tat org.openqa.selenium.remote.ProtocolHandshake.createSession(ProtocolHandshake.java:128)\n\tat org.openqa.selenium.remote.ProtocolHandshake.createSession(ProtocolHandshake.java:74)\n\tat org.openqa.selenium.remote.HttpCommandExecutor.execute(HttpCommandExecutor.java:136)\n\tat org.openqa.selenium.remote.service.DriverCommandExecutor.execute(DriverCommandExecutor.java:83)\n\tat org.openqa.selenium.remote.RemoteWebDriver.execute(RemoteWebDriver.java:552)\n\tat org.openqa.selenium.remote.RemoteWebDriver.startSession(RemoteWebDriver.java:213)\n\tat org.openqa.selenium.remote.RemoteWebDriver.\u003cinit\u003e(RemoteWebDriver.java:131)\n\tat org.openqa.selenium.chrome.ChromeDriver.\u003cinit\u003e(ChromeDriver.java:181)\n\tat org.openqa.selenium.chrome.ChromeDriver.\u003cinit\u003e(ChromeDriver.java:168)\n\tat org.openqa.selenium.chrome.ChromeDriver.\u003cinit\u003e(ChromeDriver.java:123)\n\tat com.fdmgroup.util.DriverUtilities.createDriver(DriverUtilities.java:40)\n\tat com.fdmgroup.util.DriverUtilities.getDriver(DriverUtilities.java:30)\n\tat com.fdmgroup.test.AddClassStepDef.setup(AddClassStepDef.java:24)\n",
              "duration": 2520000000,
              "status": "failed"
            },
            "match": {
              "location": "com.fdmgroup.test.AddClassStepDef.setup()"
            }
          },
          {
            "result": {
              "error_message": "org.openqa.selenium.SessionNotCreatedException: session not created: Chrome version must be between 71 and 75\n  (Driver info: chromedriver\u003d2.46.628411 (3324f4c8be9ff2f70a05a30ebc72ffb013e1a71e),platform\u003dMac OS X 10.14.6 x86_64) (WARNING: The server did not provide any stacktrace information)\nCommand duration or timeout: 1.98 seconds\nBuild info: version: \u00273.141.59\u0027, revision: \u0027e82be7d358\u0027, time: \u00272018-11-14T08:17:03\u0027\nSystem info: host: \u0027Jamess-MacBook-Pro.local\u0027, ip: \u0027192.168.2.16\u0027, os.name: \u0027Mac OS X\u0027, os.arch: \u0027x86_64\u0027, os.version: \u002710.14.6\u0027, java.version: \u00271.8.0_251\u0027\nDriver info: driver.version: ChromeDriver\n\tat sun.reflect.NativeConstructorAccessorImpl.newInstance0(Native Method)\n\tat sun.reflect.NativeConstructorAccessorImpl.newInstance(NativeConstructorAccessorImpl.java:62)\n\tat sun.reflect.DelegatingConstructorAccessorImpl.newInstance(DelegatingConstructorAccessorImpl.java:45)\n\tat java.lang.reflect.Constructor.newInstance(Constructor.java:423)\n\tat org.openqa.selenium.remote.ErrorHandler.createThrowable(ErrorHandler.java:214)\n\tat org.openqa.selenium.remote.ErrorHandler.throwIfResponseFailed(ErrorHandler.java:166)\n\tat org.openqa.selenium.remote.JsonWireProtocolResponse.lambda$errorHandler$0(JsonWireProtocolResponse.java:54)\n\tat org.openqa.selenium.remote.HandshakeResponse.lambda$getResponseFunction$0(HandshakeResponse.java:30)\n\tat org.openqa.selenium.remote.ProtocolHandshake.lambda$createSession$0(ProtocolHandshake.java:126)\n\tat java.util.stream.ReferencePipeline$3$1.accept(ReferencePipeline.java:193)\n\tat java.util.Spliterators$ArraySpliterator.tryAdvance(Spliterators.java:958)\n\tat java.util.stream.ReferencePipeline.forEachWithCancel(ReferencePipeline.java:126)\n\tat java.util.stream.AbstractPipeline.copyIntoWithCancel(AbstractPipeline.java:499)\n\tat java.util.stream.AbstractPipeline.copyInto(AbstractPipeline.java:486)\n\tat java.util.stream.AbstractPipeline.wrapAndCopyInto(AbstractPipeline.java:472)\n\tat java.util.stream.FindOps$FindOp.evaluateSequential(FindOps.java:152)\n\tat java.util.stream.AbstractPipeline.evaluate(AbstractPipeline.java:234)\n\tat java.util.stream.ReferencePipeline.findFirst(ReferencePipeline.java:464)\n\tat org.openqa.selenium.remote.ProtocolHandshake.createSession(ProtocolHandshake.java:128)\n\tat org.openqa.selenium.remote.ProtocolHandshake.createSession(ProtocolHandshake.java:74)\n\tat org.openqa.selenium.remote.HttpCommandExecutor.execute(HttpCommandExecutor.java:136)\n\tat org.openqa.selenium.remote.service.DriverCommandExecutor.execute(DriverCommandExecutor.java:83)\n\tat org.openqa.selenium.remote.RemoteWebDriver.execute(RemoteWebDriver.java:552)\n\tat org.openqa.selenium.remote.RemoteWebDriver.startSession(RemoteWebDriver.java:213)\n\tat org.openqa.selenium.remote.RemoteWebDriver.\u003cinit\u003e(RemoteWebDriver.java:131)\n\tat org.openqa.selenium.chrome.ChromeDriver.\u003cinit\u003e(ChromeDriver.java:181)\n\tat org.openqa.selenium.chrome.ChromeDriver.\u003cinit\u003e(ChromeDriver.java:168)\n\tat org.openqa.selenium.chrome.ChromeDriver.\u003cinit\u003e(ChromeDriver.java:123)\n\tat com.fdmgroup.util.DriverUtilities.createDriver(DriverUtilities.java:40)\n\tat com.fdmgroup.util.DriverUtilities.getDriver(DriverUtilities.java:30)\n\tat com.fdmgroup.test.LoginStepDef.setup(LoginStepDef.java:24)\n",
              "duration": 2078000000,
              "status": "failed"
            },
            "match": {
              "location": "com.fdmgroup.test.LoginStepDef.setup()"
            }
          }
        ],
        "line": 12,
        "name": "Entering in a valid class Id to the add class form and submitting should add me to the class",
        "description": "",
        "id": "adding-a-class-feature-of-the-web-app;entering-in-a-valid-class-id-to-the-add-class-form-and-submitting-should-add-me-to-the-class;;2",
        "type": "scenario",
        "keyword": "Scenario Outline",
        "steps": [
          {
            "result": {
              "duration": 1000000,
              "status": "skipped"
            },
            "line": 3,
            "name": "I launch a web browser",
            "match": {
              "location": "com.fdmgroup.test.LaunchAppStepDef.launchBrowser()"
            },
            "keyword": "Given "
          },
          {
            "result": {
              "status": "skipped"
            },
            "line": 4,
            "name": "I navigate to the url of the web application",
            "match": {
              "location": "com.fdmgroup.test.LaunchAppStepDef.openWebApp()"
            },
            "keyword": "And "
          },
          {
            "result": {
              "duration": 1000000,
              "status": "skipped"
            },
            "line": 5,
            "name": "I enter valid credentials",
            "match": {
              "location": "com.fdmgroup.test.LoginStepDef.enterCredentials()"
            },
            "keyword": "And "
          },
          {
            "result": {
              "status": "skipped"
            },
            "line": 6,
            "name": "I click the manage attendence button",
            "match": {
              "location": "com.fdmgroup.test.AddClassStepDef.clickManageAttendence()"
            },
            "keyword": "When "
          },
          {
            "result": {
              "duration": 1000000,
              "status": "skipped"
            },
            "line": 7,
            "name": "enter a valid class id \u00273\u0027 and submit",
            "match": {
              "arguments": [
                {
                  "val": "\u00273\u0027",
                  "offset": 23
                }
              ],
              "location": "com.fdmgroup.test.AddClassStepDef.enterValidClassId(java.lang.String)"
            },
            "keyword": "And "
          },
          {
            "result": {
              "status": "skipped"
            },
            "line": 8,
            "name": "I should receive confirmation I was added to the class",
            "match": {
              "location": "com.fdmgroup.test.AddClassStepDef.confirmConfirmationMessage()"
            },
            "keyword": "Then "
          }
        ]
      },
      {
        "start_timestamp": "2020-07-13T14:51:02.344Z",
        "before": [
          {
            "result": {
              "error_message": "org.openqa.selenium.SessionNotCreatedException: session not created: Chrome version must be between 71 and 75\n  (Driver info: chromedriver\u003d2.46.628411 (3324f4c8be9ff2f70a05a30ebc72ffb013e1a71e),platform\u003dMac OS X 10.14.6 x86_64) (WARNING: The server did not provide any stacktrace information)\nCommand duration or timeout: 2.49 seconds\nBuild info: version: \u00273.141.59\u0027, revision: \u0027e82be7d358\u0027, time: \u00272018-11-14T08:17:03\u0027\nSystem info: host: \u0027Jamess-MacBook-Pro.local\u0027, ip: \u0027192.168.2.16\u0027, os.name: \u0027Mac OS X\u0027, os.arch: \u0027x86_64\u0027, os.version: \u002710.14.6\u0027, java.version: \u00271.8.0_251\u0027\nDriver info: driver.version: ChromeDriver\n\tat sun.reflect.NativeConstructorAccessorImpl.newInstance0(Native Method)\n\tat sun.reflect.NativeConstructorAccessorImpl.newInstance(NativeConstructorAccessorImpl.java:62)\n\tat sun.reflect.DelegatingConstructorAccessorImpl.newInstance(DelegatingConstructorAccessorImpl.java:45)\n\tat java.lang.reflect.Constructor.newInstance(Constructor.java:423)\n\tat org.openqa.selenium.remote.ErrorHandler.createThrowable(ErrorHandler.java:214)\n\tat org.openqa.selenium.remote.ErrorHandler.throwIfResponseFailed(ErrorHandler.java:166)\n\tat org.openqa.selenium.remote.JsonWireProtocolResponse.lambda$errorHandler$0(JsonWireProtocolResponse.java:54)\n\tat org.openqa.selenium.remote.HandshakeResponse.lambda$getResponseFunction$0(HandshakeResponse.java:30)\n\tat org.openqa.selenium.remote.ProtocolHandshake.lambda$createSession$0(ProtocolHandshake.java:126)\n\tat java.util.stream.ReferencePipeline$3$1.accept(ReferencePipeline.java:193)\n\tat java.util.Spliterators$ArraySpliterator.tryAdvance(Spliterators.java:958)\n\tat java.util.stream.ReferencePipeline.forEachWithCancel(ReferencePipeline.java:126)\n\tat java.util.stream.AbstractPipeline.copyIntoWithCancel(AbstractPipeline.java:499)\n\tat java.util.stream.AbstractPipeline.copyInto(AbstractPipeline.java:486)\n\tat java.util.stream.AbstractPipeline.wrapAndCopyInto(AbstractPipeline.java:472)\n\tat java.util.stream.FindOps$FindOp.evaluateSequential(FindOps.java:152)\n\tat java.util.stream.AbstractPipeline.evaluate(AbstractPipeline.java:234)\n\tat java.util.stream.ReferencePipeline.findFirst(ReferencePipeline.java:464)\n\tat org.openqa.selenium.remote.ProtocolHandshake.createSession(ProtocolHandshake.java:128)\n\tat org.openqa.selenium.remote.ProtocolHandshake.createSession(ProtocolHandshake.java:74)\n\tat org.openqa.selenium.remote.HttpCommandExecutor.execute(HttpCommandExecutor.java:136)\n\tat org.openqa.selenium.remote.service.DriverCommandExecutor.execute(DriverCommandExecutor.java:83)\n\tat org.openqa.selenium.remote.RemoteWebDriver.execute(RemoteWebDriver.java:552)\n\tat org.openqa.selenium.remote.RemoteWebDriver.startSession(RemoteWebDriver.java:213)\n\tat org.openqa.selenium.remote.RemoteWebDriver.\u003cinit\u003e(RemoteWebDriver.java:131)\n\tat org.openqa.selenium.chrome.ChromeDriver.\u003cinit\u003e(ChromeDriver.java:181)\n\tat org.openqa.selenium.chrome.ChromeDriver.\u003cinit\u003e(ChromeDriver.java:168)\n\tat org.openqa.selenium.chrome.ChromeDriver.\u003cinit\u003e(ChromeDriver.java:123)\n\tat com.fdmgroup.util.DriverUtilities.createDriver(DriverUtilities.java:40)\n\tat com.fdmgroup.util.DriverUtilities.getDriver(DriverUtilities.java:30)\n\tat com.fdmgroup.test.CheckinStepDef.setup(CheckinStepDef.java:22)\n",
              "duration": 2589000000,
              "status": "failed"
            },
            "match": {
              "location": "com.fdmgroup.test.CheckinStepDef.setup()"
            }
          },
          {
            "result": {
              "error_message": "org.openqa.selenium.SessionNotCreatedException: session not created: Chrome version must be between 71 and 75\n  (Driver info: chromedriver\u003d2.46.628411 (3324f4c8be9ff2f70a05a30ebc72ffb013e1a71e),platform\u003dMac OS X 10.14.6 x86_64) (WARNING: The server did not provide any stacktrace information)\nCommand duration or timeout: 3.04 seconds\nBuild info: version: \u00273.141.59\u0027, revision: \u0027e82be7d358\u0027, time: \u00272018-11-14T08:17:03\u0027\nSystem info: host: \u0027Jamess-MacBook-Pro.local\u0027, ip: \u0027192.168.2.16\u0027, os.name: \u0027Mac OS X\u0027, os.arch: \u0027x86_64\u0027, os.version: \u002710.14.6\u0027, java.version: \u00271.8.0_251\u0027\nDriver info: driver.version: ChromeDriver\n\tat sun.reflect.NativeConstructorAccessorImpl.newInstance0(Native Method)\n\tat sun.reflect.NativeConstructorAccessorImpl.newInstance(NativeConstructorAccessorImpl.java:62)\n\tat sun.reflect.DelegatingConstructorAccessorImpl.newInstance(DelegatingConstructorAccessorImpl.java:45)\n\tat java.lang.reflect.Constructor.newInstance(Constructor.java:423)\n\tat org.openqa.selenium.remote.ErrorHandler.createThrowable(ErrorHandler.java:214)\n\tat org.openqa.selenium.remote.ErrorHandler.throwIfResponseFailed(ErrorHandler.java:166)\n\tat org.openqa.selenium.remote.JsonWireProtocolResponse.lambda$errorHandler$0(JsonWireProtocolResponse.java:54)\n\tat org.openqa.selenium.remote.HandshakeResponse.lambda$getResponseFunction$0(HandshakeResponse.java:30)\n\tat org.openqa.selenium.remote.ProtocolHandshake.lambda$createSession$0(ProtocolHandshake.java:126)\n\tat java.util.stream.ReferencePipeline$3$1.accept(ReferencePipeline.java:193)\n\tat java.util.Spliterators$ArraySpliterator.tryAdvance(Spliterators.java:958)\n\tat java.util.stream.ReferencePipeline.forEachWithCancel(ReferencePipeline.java:126)\n\tat java.util.stream.AbstractPipeline.copyIntoWithCancel(AbstractPipeline.java:499)\n\tat java.util.stream.AbstractPipeline.copyInto(AbstractPipeline.java:486)\n\tat java.util.stream.AbstractPipeline.wrapAndCopyInto(AbstractPipeline.java:472)\n\tat java.util.stream.FindOps$FindOp.evaluateSequential(FindOps.java:152)\n\tat java.util.stream.AbstractPipeline.evaluate(AbstractPipeline.java:234)\n\tat java.util.stream.ReferencePipeline.findFirst(ReferencePipeline.java:464)\n\tat org.openqa.selenium.remote.ProtocolHandshake.createSession(ProtocolHandshake.java:128)\n\tat org.openqa.selenium.remote.ProtocolHandshake.createSession(ProtocolHandshake.java:74)\n\tat org.openqa.selenium.remote.HttpCommandExecutor.execute(HttpCommandExecutor.java:136)\n\tat org.openqa.selenium.remote.service.DriverCommandExecutor.execute(DriverCommandExecutor.java:83)\n\tat org.openqa.selenium.remote.RemoteWebDriver.execute(RemoteWebDriver.java:552)\n\tat org.openqa.selenium.remote.RemoteWebDriver.startSession(RemoteWebDriver.java:213)\n\tat org.openqa.selenium.remote.RemoteWebDriver.\u003cinit\u003e(RemoteWebDriver.java:131)\n\tat org.openqa.selenium.chrome.ChromeDriver.\u003cinit\u003e(ChromeDriver.java:181)\n\tat org.openqa.selenium.chrome.ChromeDriver.\u003cinit\u003e(ChromeDriver.java:168)\n\tat org.openqa.selenium.chrome.ChromeDriver.\u003cinit\u003e(ChromeDriver.java:123)\n\tat com.fdmgroup.util.DriverUtilities.createDriver(DriverUtilities.java:40)\n\tat com.fdmgroup.util.DriverUtilities.getDriver(DriverUtilities.java:30)\n\tat com.fdmgroup.test.AddClassStepDef.setup(AddClassStepDef.java:24)\n",
              "duration": 3137000000,
              "status": "failed"
            },
            "match": {
              "location": "com.fdmgroup.test.AddClassStepDef.setup()"
            }
          },
          {
            "result": {
              "error_message": "org.openqa.selenium.SessionNotCreatedException: session not created: Chrome version must be between 71 and 75\n  (Driver info: chromedriver\u003d2.46.628411 (3324f4c8be9ff2f70a05a30ebc72ffb013e1a71e),platform\u003dMac OS X 10.14.6 x86_64) (WARNING: The server did not provide any stacktrace information)\nCommand duration or timeout: 1.67 seconds\nBuild info: version: \u00273.141.59\u0027, revision: \u0027e82be7d358\u0027, time: \u00272018-11-14T08:17:03\u0027\nSystem info: host: \u0027Jamess-MacBook-Pro.local\u0027, ip: \u0027192.168.2.16\u0027, os.name: \u0027Mac OS X\u0027, os.arch: \u0027x86_64\u0027, os.version: \u002710.14.6\u0027, java.version: \u00271.8.0_251\u0027\nDriver info: driver.version: ChromeDriver\n\tat sun.reflect.NativeConstructorAccessorImpl.newInstance0(Native Method)\n\tat sun.reflect.NativeConstructorAccessorImpl.newInstance(NativeConstructorAccessorImpl.java:62)\n\tat sun.reflect.DelegatingConstructorAccessorImpl.newInstance(DelegatingConstructorAccessorImpl.java:45)\n\tat java.lang.reflect.Constructor.newInstance(Constructor.java:423)\n\tat org.openqa.selenium.remote.ErrorHandler.createThrowable(ErrorHandler.java:214)\n\tat org.openqa.selenium.remote.ErrorHandler.throwIfResponseFailed(ErrorHandler.java:166)\n\tat org.openqa.selenium.remote.JsonWireProtocolResponse.lambda$errorHandler$0(JsonWireProtocolResponse.java:54)\n\tat org.openqa.selenium.remote.HandshakeResponse.lambda$getResponseFunction$0(HandshakeResponse.java:30)\n\tat org.openqa.selenium.remote.ProtocolHandshake.lambda$createSession$0(ProtocolHandshake.java:126)\n\tat java.util.stream.ReferencePipeline$3$1.accept(ReferencePipeline.java:193)\n\tat java.util.Spliterators$ArraySpliterator.tryAdvance(Spliterators.java:958)\n\tat java.util.stream.ReferencePipeline.forEachWithCancel(ReferencePipeline.java:126)\n\tat java.util.stream.AbstractPipeline.copyIntoWithCancel(AbstractPipeline.java:499)\n\tat java.util.stream.AbstractPipeline.copyInto(AbstractPipeline.java:486)\n\tat java.util.stream.AbstractPipeline.wrapAndCopyInto(AbstractPipeline.java:472)\n\tat java.util.stream.FindOps$FindOp.evaluateSequential(FindOps.java:152)\n\tat java.util.stream.AbstractPipeline.evaluate(AbstractPipeline.java:234)\n\tat java.util.stream.ReferencePipeline.findFirst(ReferencePipeline.java:464)\n\tat org.openqa.selenium.remote.ProtocolHandshake.createSession(ProtocolHandshake.java:128)\n\tat org.openqa.selenium.remote.ProtocolHandshake.createSession(ProtocolHandshake.java:74)\n\tat org.openqa.selenium.remote.HttpCommandExecutor.execute(HttpCommandExecutor.java:136)\n\tat org.openqa.selenium.remote.service.DriverCommandExecutor.execute(DriverCommandExecutor.java:83)\n\tat org.openqa.selenium.remote.RemoteWebDriver.execute(RemoteWebDriver.java:552)\n\tat org.openqa.selenium.remote.RemoteWebDriver.startSession(RemoteWebDriver.java:213)\n\tat org.openqa.selenium.remote.RemoteWebDriver.\u003cinit\u003e(RemoteWebDriver.java:131)\n\tat org.openqa.selenium.chrome.ChromeDriver.\u003cinit\u003e(ChromeDriver.java:181)\n\tat org.openqa.selenium.chrome.ChromeDriver.\u003cinit\u003e(ChromeDriver.java:168)\n\tat org.openqa.selenium.chrome.ChromeDriver.\u003cinit\u003e(ChromeDriver.java:123)\n\tat com.fdmgroup.util.DriverUtilities.createDriver(DriverUtilities.java:40)\n\tat com.fdmgroup.util.DriverUtilities.getDriver(DriverUtilities.java:30)\n\tat com.fdmgroup.test.LoginStepDef.setup(LoginStepDef.java:24)\n",
              "duration": 1772000000,
              "status": "failed"
            },
            "match": {
              "location": "com.fdmgroup.test.LoginStepDef.setup()"
            }
          }
        ],
        "line": 13,
        "name": "Entering in a valid class Id to the add class form and submitting should add me to the class",
        "description": "",
        "id": "adding-a-class-feature-of-the-web-app;entering-in-a-valid-class-id-to-the-add-class-form-and-submitting-should-add-me-to-the-class;;3",
        "type": "scenario",
        "keyword": "Scenario Outline",
        "steps": [
          {
            "result": {
              "status": "skipped"
            },
            "line": 3,
            "name": "I launch a web browser",
            "match": {
              "location": "com.fdmgroup.test.LaunchAppStepDef.launchBrowser()"
            },
            "keyword": "Given "
          },
          {
            "result": {
              "status": "skipped"
            },
            "line": 4,
            "name": "I navigate to the url of the web application",
            "match": {
              "location": "com.fdmgroup.test.LaunchAppStepDef.openWebApp()"
            },
            "keyword": "And "
          },
          {
            "result": {
              "duration": 1000000,
              "status": "skipped"
            },
            "line": 5,
            "name": "I enter valid credentials",
            "match": {
              "location": "com.fdmgroup.test.LoginStepDef.enterCredentials()"
            },
            "keyword": "And "
          },
          {
            "result": {
              "status": "skipped"
            },
            "line": 6,
            "name": "I click the manage attendence button",
            "match": {
              "location": "com.fdmgroup.test.AddClassStepDef.clickManageAttendence()"
            },
            "keyword": "When "
          },
          {
            "result": {
              "status": "skipped"
            },
            "line": 7,
            "name": "enter a valid class id \u00276\u0027 and submit",
            "match": {
              "arguments": [
                {
                  "val": "\u00276\u0027",
                  "offset": 23
                }
              ],
              "location": "com.fdmgroup.test.AddClassStepDef.enterValidClassId(java.lang.String)"
            },
            "keyword": "And "
          },
          {
            "result": {
              "duration": 1000000,
              "status": "skipped"
            },
            "line": 8,
            "name": "I should receive confirmation I was added to the class",
            "match": {
              "location": "com.fdmgroup.test.AddClassStepDef.confirmConfirmationMessage()"
            },
            "keyword": "Then "
          }
        ]
      },
      {
        "start_timestamp": "2020-07-13T14:51:09.876Z",
        "before": [
          {
            "result": {
              "error_message": "org.openqa.selenium.SessionNotCreatedException: session not created: Chrome version must be between 71 and 75\n  (Driver info: chromedriver\u003d2.46.628411 (3324f4c8be9ff2f70a05a30ebc72ffb013e1a71e),platform\u003dMac OS X 10.14.6 x86_64) (WARNING: The server did not provide any stacktrace information)\nCommand duration or timeout: 2.27 seconds\nBuild info: version: \u00273.141.59\u0027, revision: \u0027e82be7d358\u0027, time: \u00272018-11-14T08:17:03\u0027\nSystem info: host: \u0027Jamess-MacBook-Pro.local\u0027, ip: \u0027192.168.2.16\u0027, os.name: \u0027Mac OS X\u0027, os.arch: \u0027x86_64\u0027, os.version: \u002710.14.6\u0027, java.version: \u00271.8.0_251\u0027\nDriver info: driver.version: ChromeDriver\n\tat sun.reflect.NativeConstructorAccessorImpl.newInstance0(Native Method)\n\tat sun.reflect.NativeConstructorAccessorImpl.newInstance(NativeConstructorAccessorImpl.java:62)\n\tat sun.reflect.DelegatingConstructorAccessorImpl.newInstance(DelegatingConstructorAccessorImpl.java:45)\n\tat java.lang.reflect.Constructor.newInstance(Constructor.java:423)\n\tat org.openqa.selenium.remote.ErrorHandler.createThrowable(ErrorHandler.java:214)\n\tat org.openqa.selenium.remote.ErrorHandler.throwIfResponseFailed(ErrorHandler.java:166)\n\tat org.openqa.selenium.remote.JsonWireProtocolResponse.lambda$errorHandler$0(JsonWireProtocolResponse.java:54)\n\tat org.openqa.selenium.remote.HandshakeResponse.lambda$getResponseFunction$0(HandshakeResponse.java:30)\n\tat org.openqa.selenium.remote.ProtocolHandshake.lambda$createSession$0(ProtocolHandshake.java:126)\n\tat java.util.stream.ReferencePipeline$3$1.accept(ReferencePipeline.java:193)\n\tat java.util.Spliterators$ArraySpliterator.tryAdvance(Spliterators.java:958)\n\tat java.util.stream.ReferencePipeline.forEachWithCancel(ReferencePipeline.java:126)\n\tat java.util.stream.AbstractPipeline.copyIntoWithCancel(AbstractPipeline.java:499)\n\tat java.util.stream.AbstractPipeline.copyInto(AbstractPipeline.java:486)\n\tat java.util.stream.AbstractPipeline.wrapAndCopyInto(AbstractPipeline.java:472)\n\tat java.util.stream.FindOps$FindOp.evaluateSequential(FindOps.java:152)\n\tat java.util.stream.AbstractPipeline.evaluate(AbstractPipeline.java:234)\n\tat java.util.stream.ReferencePipeline.findFirst(ReferencePipeline.java:464)\n\tat org.openqa.selenium.remote.ProtocolHandshake.createSession(ProtocolHandshake.java:128)\n\tat org.openqa.selenium.remote.ProtocolHandshake.createSession(ProtocolHandshake.java:74)\n\tat org.openqa.selenium.remote.HttpCommandExecutor.execute(HttpCommandExecutor.java:136)\n\tat org.openqa.selenium.remote.service.DriverCommandExecutor.execute(DriverCommandExecutor.java:83)\n\tat org.openqa.selenium.remote.RemoteWebDriver.execute(RemoteWebDriver.java:552)\n\tat org.openqa.selenium.remote.RemoteWebDriver.startSession(RemoteWebDriver.java:213)\n\tat org.openqa.selenium.remote.RemoteWebDriver.\u003cinit\u003e(RemoteWebDriver.java:131)\n\tat org.openqa.selenium.chrome.ChromeDriver.\u003cinit\u003e(ChromeDriver.java:181)\n\tat org.openqa.selenium.chrome.ChromeDriver.\u003cinit\u003e(ChromeDriver.java:168)\n\tat org.openqa.selenium.chrome.ChromeDriver.\u003cinit\u003e(ChromeDriver.java:123)\n\tat com.fdmgroup.util.DriverUtilities.createDriver(DriverUtilities.java:40)\n\tat com.fdmgroup.util.DriverUtilities.getDriver(DriverUtilities.java:30)\n\tat com.fdmgroup.test.CheckinStepDef.setup(CheckinStepDef.java:22)\n",
              "duration": 2462000000,
              "status": "failed"
            },
            "match": {
              "location": "com.fdmgroup.test.CheckinStepDef.setup()"
            }
          },
          {
            "result": {
              "error_message": "org.openqa.selenium.SessionNotCreatedException: session not created: Chrome version must be between 71 and 75\n  (Driver info: chromedriver\u003d2.46.628411 (3324f4c8be9ff2f70a05a30ebc72ffb013e1a71e),platform\u003dMac OS X 10.14.6 x86_64) (WARNING: The server did not provide any stacktrace information)\nCommand duration or timeout: 1.80 seconds\nBuild info: version: \u00273.141.59\u0027, revision: \u0027e82be7d358\u0027, time: \u00272018-11-14T08:17:03\u0027\nSystem info: host: \u0027Jamess-MacBook-Pro.local\u0027, ip: \u0027192.168.2.16\u0027, os.name: \u0027Mac OS X\u0027, os.arch: \u0027x86_64\u0027, os.version: \u002710.14.6\u0027, java.version: \u00271.8.0_251\u0027\nDriver info: driver.version: ChromeDriver\n\tat sun.reflect.GeneratedConstructorAccessor14.newInstance(Unknown Source)\n\tat sun.reflect.DelegatingConstructorAccessorImpl.newInstance(DelegatingConstructorAccessorImpl.java:45)\n\tat java.lang.reflect.Constructor.newInstance(Constructor.java:423)\n\tat org.openqa.selenium.remote.ErrorHandler.createThrowable(ErrorHandler.java:214)\n\tat org.openqa.selenium.remote.ErrorHandler.throwIfResponseFailed(ErrorHandler.java:166)\n\tat org.openqa.selenium.remote.JsonWireProtocolResponse.lambda$errorHandler$0(JsonWireProtocolResponse.java:54)\n\tat org.openqa.selenium.remote.HandshakeResponse.lambda$getResponseFunction$0(HandshakeResponse.java:30)\n\tat org.openqa.selenium.remote.ProtocolHandshake.lambda$createSession$0(ProtocolHandshake.java:126)\n\tat java.util.stream.ReferencePipeline$3$1.accept(ReferencePipeline.java:193)\n\tat java.util.Spliterators$ArraySpliterator.tryAdvance(Spliterators.java:958)\n\tat java.util.stream.ReferencePipeline.forEachWithCancel(ReferencePipeline.java:126)\n\tat java.util.stream.AbstractPipeline.copyIntoWithCancel(AbstractPipeline.java:499)\n\tat java.util.stream.AbstractPipeline.copyInto(AbstractPipeline.java:486)\n\tat java.util.stream.AbstractPipeline.wrapAndCopyInto(AbstractPipeline.java:472)\n\tat java.util.stream.FindOps$FindOp.evaluateSequential(FindOps.java:152)\n\tat java.util.stream.AbstractPipeline.evaluate(AbstractPipeline.java:234)\n\tat java.util.stream.ReferencePipeline.findFirst(ReferencePipeline.java:464)\n\tat org.openqa.selenium.remote.ProtocolHandshake.createSession(ProtocolHandshake.java:128)\n\tat org.openqa.selenium.remote.ProtocolHandshake.createSession(ProtocolHandshake.java:74)\n\tat org.openqa.selenium.remote.HttpCommandExecutor.execute(HttpCommandExecutor.java:136)\n\tat org.openqa.selenium.remote.service.DriverCommandExecutor.execute(DriverCommandExecutor.java:83)\n\tat org.openqa.selenium.remote.RemoteWebDriver.execute(RemoteWebDriver.java:552)\n\tat org.openqa.selenium.remote.RemoteWebDriver.startSession(RemoteWebDriver.java:213)\n\tat org.openqa.selenium.remote.RemoteWebDriver.\u003cinit\u003e(RemoteWebDriver.java:131)\n\tat org.openqa.selenium.chrome.ChromeDriver.\u003cinit\u003e(ChromeDriver.java:181)\n\tat org.openqa.selenium.chrome.ChromeDriver.\u003cinit\u003e(ChromeDriver.java:168)\n\tat org.openqa.selenium.chrome.ChromeDriver.\u003cinit\u003e(ChromeDriver.java:123)\n\tat com.fdmgroup.util.DriverUtilities.createDriver(DriverUtilities.java:40)\n\tat com.fdmgroup.util.DriverUtilities.getDriver(DriverUtilities.java:30)\n\tat com.fdmgroup.test.AddClassStepDef.setup(AddClassStepDef.java:24)\n",
              "duration": 1925000000,
              "status": "failed"
            },
            "match": {
              "location": "com.fdmgroup.test.AddClassStepDef.setup()"
            }
          },
          {
            "result": {
              "error_message": "org.openqa.selenium.SessionNotCreatedException: session not created: Chrome version must be between 71 and 75\n  (Driver info: chromedriver\u003d2.46.628411 (3324f4c8be9ff2f70a05a30ebc72ffb013e1a71e),platform\u003dMac OS X 10.14.6 x86_64) (WARNING: The server did not provide any stacktrace information)\nCommand duration or timeout: 1.50 seconds\nBuild info: version: \u00273.141.59\u0027, revision: \u0027e82be7d358\u0027, time: \u00272018-11-14T08:17:03\u0027\nSystem info: host: \u0027Jamess-MacBook-Pro.local\u0027, ip: \u0027192.168.2.16\u0027, os.name: \u0027Mac OS X\u0027, os.arch: \u0027x86_64\u0027, os.version: \u002710.14.6\u0027, java.version: \u00271.8.0_251\u0027\nDriver info: driver.version: ChromeDriver\n\tat sun.reflect.GeneratedConstructorAccessor14.newInstance(Unknown Source)\n\tat sun.reflect.DelegatingConstructorAccessorImpl.newInstance(DelegatingConstructorAccessorImpl.java:45)\n\tat java.lang.reflect.Constructor.newInstance(Constructor.java:423)\n\tat org.openqa.selenium.remote.ErrorHandler.createThrowable(ErrorHandler.java:214)\n\tat org.openqa.selenium.remote.ErrorHandler.throwIfResponseFailed(ErrorHandler.java:166)\n\tat org.openqa.selenium.remote.JsonWireProtocolResponse.lambda$errorHandler$0(JsonWireProtocolResponse.java:54)\n\tat org.openqa.selenium.remote.HandshakeResponse.lambda$getResponseFunction$0(HandshakeResponse.java:30)\n\tat org.openqa.selenium.remote.ProtocolHandshake.lambda$createSession$0(ProtocolHandshake.java:126)\n\tat java.util.stream.ReferencePipeline$3$1.accept(ReferencePipeline.java:193)\n\tat java.util.Spliterators$ArraySpliterator.tryAdvance(Spliterators.java:958)\n\tat java.util.stream.ReferencePipeline.forEachWithCancel(ReferencePipeline.java:126)\n\tat java.util.stream.AbstractPipeline.copyIntoWithCancel(AbstractPipeline.java:499)\n\tat java.util.stream.AbstractPipeline.copyInto(AbstractPipeline.java:486)\n\tat java.util.stream.AbstractPipeline.wrapAndCopyInto(AbstractPipeline.java:472)\n\tat java.util.stream.FindOps$FindOp.evaluateSequential(FindOps.java:152)\n\tat java.util.stream.AbstractPipeline.evaluate(AbstractPipeline.java:234)\n\tat java.util.stream.ReferencePipeline.findFirst(ReferencePipeline.java:464)\n\tat org.openqa.selenium.remote.ProtocolHandshake.createSession(ProtocolHandshake.java:128)\n\tat org.openqa.selenium.remote.ProtocolHandshake.createSession(ProtocolHandshake.java:74)\n\tat org.openqa.selenium.remote.HttpCommandExecutor.execute(HttpCommandExecutor.java:136)\n\tat org.openqa.selenium.remote.service.DriverCommandExecutor.execute(DriverCommandExecutor.java:83)\n\tat org.openqa.selenium.remote.RemoteWebDriver.execute(RemoteWebDriver.java:552)\n\tat org.openqa.selenium.remote.RemoteWebDriver.startSession(RemoteWebDriver.java:213)\n\tat org.openqa.selenium.remote.RemoteWebDriver.\u003cinit\u003e(RemoteWebDriver.java:131)\n\tat org.openqa.selenium.chrome.ChromeDriver.\u003cinit\u003e(ChromeDriver.java:181)\n\tat org.openqa.selenium.chrome.ChromeDriver.\u003cinit\u003e(ChromeDriver.java:168)\n\tat org.openqa.selenium.chrome.ChromeDriver.\u003cinit\u003e(ChromeDriver.java:123)\n\tat com.fdmgroup.util.DriverUtilities.createDriver(DriverUtilities.java:40)\n\tat com.fdmgroup.util.DriverUtilities.getDriver(DriverUtilities.java:30)\n\tat com.fdmgroup.test.LoginStepDef.setup(LoginStepDef.java:24)\n",
              "duration": 1603000000,
              "status": "failed"
            },
            "match": {
              "location": "com.fdmgroup.test.LoginStepDef.setup()"
            }
          }
        ],
        "line": 25,
        "name": "Entering in an invalid class Id to the add class form and submitting should give me an error",
        "description": "",
        "id": "adding-a-class-feature-of-the-web-app;entering-in-an-invalid-class-id-to-the-add-class-form-and-submitting-should-give-me-an-error;;2",
        "type": "scenario",
        "keyword": "Scenario Outline",
        "steps": [
          {
            "result": {
              "status": "skipped"
            },
            "line": 16,
            "name": "I launch a web browser",
            "match": {
              "location": "com.fdmgroup.test.LaunchAppStepDef.launchBrowser()"
            },
            "keyword": "Given "
          },
          {
            "result": {
              "status": "skipped"
            },
            "line": 17,
            "name": "I navigate to the url of the web application",
            "match": {
              "location": "com.fdmgroup.test.LaunchAppStepDef.openWebApp()"
            },
            "keyword": "And "
          },
          {
            "result": {
              "duration": 1000000,
              "status": "skipped"
            },
            "line": 18,
            "name": "I enter valid credentials",
            "match": {
              "location": "com.fdmgroup.test.LoginStepDef.enterCredentials()"
            },
            "keyword": "And "
          },
          {
            "result": {
              "duration": 1000000,
              "status": "skipped"
            },
            "line": 19,
            "name": "I click the manage attendence button",
            "match": {
              "location": "com.fdmgroup.test.AddClassStepDef.clickManageAttendence()"
            },
            "keyword": "When "
          },
          {
            "result": {
              "duration": 1000000,
              "status": "skipped"
            },
            "line": 20,
            "name": "enter an invalid class id \u0027100\u0027 and submit",
            "match": {
              "arguments": [
                {
                  "val": "\u0027100\u0027",
                  "offset": 26
                }
              ],
              "location": "com.fdmgroup.test.AddClassStepDef.enterInvalidClassId(java.lang.String)"
            },
            "keyword": "And "
          },
          {
            "result": {
              "duration": 1000000,
              "status": "skipped"
            },
            "line": 21,
            "name": "I should receive an error message",
            "match": {
              "location": "com.fdmgroup.test.AddClassStepDef.confirmErrorMessage()"
            },
            "keyword": "Then "
          }
        ]
      },
      {
        "start_timestamp": "2020-07-13T14:51:15.891Z",
        "before": [
          {
            "result": {
              "error_message": "org.openqa.selenium.SessionNotCreatedException: session not created: Chrome version must be between 71 and 75\n  (Driver info: chromedriver\u003d2.46.628411 (3324f4c8be9ff2f70a05a30ebc72ffb013e1a71e),platform\u003dMac OS X 10.14.6 x86_64) (WARNING: The server did not provide any stacktrace information)\nCommand duration or timeout: 1.45 seconds\nBuild info: version: \u00273.141.59\u0027, revision: \u0027e82be7d358\u0027, time: \u00272018-11-14T08:17:03\u0027\nSystem info: host: \u0027Jamess-MacBook-Pro.local\u0027, ip: \u0027192.168.2.16\u0027, os.name: \u0027Mac OS X\u0027, os.arch: \u0027x86_64\u0027, os.version: \u002710.14.6\u0027, java.version: \u00271.8.0_251\u0027\nDriver info: driver.version: ChromeDriver\n\tat sun.reflect.GeneratedConstructorAccessor14.newInstance(Unknown Source)\n\tat sun.reflect.DelegatingConstructorAccessorImpl.newInstance(DelegatingConstructorAccessorImpl.java:45)\n\tat java.lang.reflect.Constructor.newInstance(Constructor.java:423)\n\tat org.openqa.selenium.remote.ErrorHandler.createThrowable(ErrorHandler.java:214)\n\tat org.openqa.selenium.remote.ErrorHandler.throwIfResponseFailed(ErrorHandler.java:166)\n\tat org.openqa.selenium.remote.JsonWireProtocolResponse.lambda$errorHandler$0(JsonWireProtocolResponse.java:54)\n\tat org.openqa.selenium.remote.HandshakeResponse.lambda$getResponseFunction$0(HandshakeResponse.java:30)\n\tat org.openqa.selenium.remote.ProtocolHandshake.lambda$createSession$0(ProtocolHandshake.java:126)\n\tat java.util.stream.ReferencePipeline$3$1.accept(ReferencePipeline.java:193)\n\tat java.util.Spliterators$ArraySpliterator.tryAdvance(Spliterators.java:958)\n\tat java.util.stream.ReferencePipeline.forEachWithCancel(ReferencePipeline.java:126)\n\tat java.util.stream.AbstractPipeline.copyIntoWithCancel(AbstractPipeline.java:499)\n\tat java.util.stream.AbstractPipeline.copyInto(AbstractPipeline.java:486)\n\tat java.util.stream.AbstractPipeline.wrapAndCopyInto(AbstractPipeline.java:472)\n\tat java.util.stream.FindOps$FindOp.evaluateSequential(FindOps.java:152)\n\tat java.util.stream.AbstractPipeline.evaluate(AbstractPipeline.java:234)\n\tat java.util.stream.ReferencePipeline.findFirst(ReferencePipeline.java:464)\n\tat org.openqa.selenium.remote.ProtocolHandshake.createSession(ProtocolHandshake.java:128)\n\tat org.openqa.selenium.remote.ProtocolHandshake.createSession(ProtocolHandshake.java:74)\n\tat org.openqa.selenium.remote.HttpCommandExecutor.execute(HttpCommandExecutor.java:136)\n\tat org.openqa.selenium.remote.service.DriverCommandExecutor.execute(DriverCommandExecutor.java:83)\n\tat org.openqa.selenium.remote.RemoteWebDriver.execute(RemoteWebDriver.java:552)\n\tat org.openqa.selenium.remote.RemoteWebDriver.startSession(RemoteWebDriver.java:213)\n\tat org.openqa.selenium.remote.RemoteWebDriver.\u003cinit\u003e(RemoteWebDriver.java:131)\n\tat org.openqa.selenium.chrome.ChromeDriver.\u003cinit\u003e(ChromeDriver.java:181)\n\tat org.openqa.selenium.chrome.ChromeDriver.\u003cinit\u003e(ChromeDriver.java:168)\n\tat org.openqa.selenium.chrome.ChromeDriver.\u003cinit\u003e(ChromeDriver.java:123)\n\tat com.fdmgroup.util.DriverUtilities.createDriver(DriverUtilities.java:40)\n\tat com.fdmgroup.util.DriverUtilities.getDriver(DriverUtilities.java:30)\n\tat com.fdmgroup.test.CheckinStepDef.setup(CheckinStepDef.java:22)\n",
              "duration": 1628000000,
              "status": "failed"
            },
            "match": {
              "location": "com.fdmgroup.test.CheckinStepDef.setup()"
            }
          },
          {
            "result": {
              "error_message": "org.openqa.selenium.SessionNotCreatedException: session not created: Chrome version must be between 71 and 75\n  (Driver info: chromedriver\u003d2.46.628411 (3324f4c8be9ff2f70a05a30ebc72ffb013e1a71e),platform\u003dMac OS X 10.14.6 x86_64) (WARNING: The server did not provide any stacktrace information)\nCommand duration or timeout: 1.49 seconds\nBuild info: version: \u00273.141.59\u0027, revision: \u0027e82be7d358\u0027, time: \u00272018-11-14T08:17:03\u0027\nSystem info: host: \u0027Jamess-MacBook-Pro.local\u0027, ip: \u0027192.168.2.16\u0027, os.name: \u0027Mac OS X\u0027, os.arch: \u0027x86_64\u0027, os.version: \u002710.14.6\u0027, java.version: \u00271.8.0_251\u0027\nDriver info: driver.version: ChromeDriver\n\tat sun.reflect.GeneratedConstructorAccessor14.newInstance(Unknown Source)\n\tat sun.reflect.DelegatingConstructorAccessorImpl.newInstance(DelegatingConstructorAccessorImpl.java:45)\n\tat java.lang.reflect.Constructor.newInstance(Constructor.java:423)\n\tat org.openqa.selenium.remote.ErrorHandler.createThrowable(ErrorHandler.java:214)\n\tat org.openqa.selenium.remote.ErrorHandler.throwIfResponseFailed(ErrorHandler.java:166)\n\tat org.openqa.selenium.remote.JsonWireProtocolResponse.lambda$errorHandler$0(JsonWireProtocolResponse.java:54)\n\tat org.openqa.selenium.remote.HandshakeResponse.lambda$getResponseFunction$0(HandshakeResponse.java:30)\n\tat org.openqa.selenium.remote.ProtocolHandshake.lambda$createSession$0(ProtocolHandshake.java:126)\n\tat java.util.stream.ReferencePipeline$3$1.accept(ReferencePipeline.java:193)\n\tat java.util.Spliterators$ArraySpliterator.tryAdvance(Spliterators.java:958)\n\tat java.util.stream.ReferencePipeline.forEachWithCancel(ReferencePipeline.java:126)\n\tat java.util.stream.AbstractPipeline.copyIntoWithCancel(AbstractPipeline.java:499)\n\tat java.util.stream.AbstractPipeline.copyInto(AbstractPipeline.java:486)\n\tat java.util.stream.AbstractPipeline.wrapAndCopyInto(AbstractPipeline.java:472)\n\tat java.util.stream.FindOps$FindOp.evaluateSequential(FindOps.java:152)\n\tat java.util.stream.AbstractPipeline.evaluate(AbstractPipeline.java:234)\n\tat java.util.stream.ReferencePipeline.findFirst(ReferencePipeline.java:464)\n\tat org.openqa.selenium.remote.ProtocolHandshake.createSession(ProtocolHandshake.java:128)\n\tat org.openqa.selenium.remote.ProtocolHandshake.createSession(ProtocolHandshake.java:74)\n\tat org.openqa.selenium.remote.HttpCommandExecutor.execute(HttpCommandExecutor.java:136)\n\tat org.openqa.selenium.remote.service.DriverCommandExecutor.execute(DriverCommandExecutor.java:83)\n\tat org.openqa.selenium.remote.RemoteWebDriver.execute(RemoteWebDriver.java:552)\n\tat org.openqa.selenium.remote.RemoteWebDriver.startSession(RemoteWebDriver.java:213)\n\tat org.openqa.selenium.remote.RemoteWebDriver.\u003cinit\u003e(RemoteWebDriver.java:131)\n\tat org.openqa.selenium.chrome.ChromeDriver.\u003cinit\u003e(ChromeDriver.java:181)\n\tat org.openqa.selenium.chrome.ChromeDriver.\u003cinit\u003e(ChromeDriver.java:168)\n\tat org.openqa.selenium.chrome.ChromeDriver.\u003cinit\u003e(ChromeDriver.java:123)\n\tat com.fdmgroup.util.DriverUtilities.createDriver(DriverUtilities.java:40)\n\tat com.fdmgroup.util.DriverUtilities.getDriver(DriverUtilities.java:30)\n\tat com.fdmgroup.test.AddClassStepDef.setup(AddClassStepDef.java:24)\n",
              "duration": 1676000000,
              "status": "failed"
            },
            "match": {
              "location": "com.fdmgroup.test.AddClassStepDef.setup()"
            }
          },
          {
            "result": {
              "error_message": "org.openqa.selenium.SessionNotCreatedException: session not created: Chrome version must be between 71 and 75\n  (Driver info: chromedriver\u003d2.46.628411 (3324f4c8be9ff2f70a05a30ebc72ffb013e1a71e),platform\u003dMac OS X 10.14.6 x86_64) (WARNING: The server did not provide any stacktrace information)\nCommand duration or timeout: 1.46 seconds\nBuild info: version: \u00273.141.59\u0027, revision: \u0027e82be7d358\u0027, time: \u00272018-11-14T08:17:03\u0027\nSystem info: host: \u0027Jamess-MacBook-Pro.local\u0027, ip: \u0027192.168.2.16\u0027, os.name: \u0027Mac OS X\u0027, os.arch: \u0027x86_64\u0027, os.version: \u002710.14.6\u0027, java.version: \u00271.8.0_251\u0027\nDriver info: driver.version: ChromeDriver\n\tat sun.reflect.GeneratedConstructorAccessor14.newInstance(Unknown Source)\n\tat sun.reflect.DelegatingConstructorAccessorImpl.newInstance(DelegatingConstructorAccessorImpl.java:45)\n\tat java.lang.reflect.Constructor.newInstance(Constructor.java:423)\n\tat org.openqa.selenium.remote.ErrorHandler.createThrowable(ErrorHandler.java:214)\n\tat org.openqa.selenium.remote.ErrorHandler.throwIfResponseFailed(ErrorHandler.java:166)\n\tat org.openqa.selenium.remote.JsonWireProtocolResponse.lambda$errorHandler$0(JsonWireProtocolResponse.java:54)\n\tat org.openqa.selenium.remote.HandshakeResponse.lambda$getResponseFunction$0(HandshakeResponse.java:30)\n\tat org.openqa.selenium.remote.ProtocolHandshake.lambda$createSession$0(ProtocolHandshake.java:126)\n\tat java.util.stream.ReferencePipeline$3$1.accept(ReferencePipeline.java:193)\n\tat java.util.Spliterators$ArraySpliterator.tryAdvance(Spliterators.java:958)\n\tat java.util.stream.ReferencePipeline.forEachWithCancel(ReferencePipeline.java:126)\n\tat java.util.stream.AbstractPipeline.copyIntoWithCancel(AbstractPipeline.java:499)\n\tat java.util.stream.AbstractPipeline.copyInto(AbstractPipeline.java:486)\n\tat java.util.stream.AbstractPipeline.wrapAndCopyInto(AbstractPipeline.java:472)\n\tat java.util.stream.FindOps$FindOp.evaluateSequential(FindOps.java:152)\n\tat java.util.stream.AbstractPipeline.evaluate(AbstractPipeline.java:234)\n\tat java.util.stream.ReferencePipeline.findFirst(ReferencePipeline.java:464)\n\tat org.openqa.selenium.remote.ProtocolHandshake.createSession(ProtocolHandshake.java:128)\n\tat org.openqa.selenium.remote.ProtocolHandshake.createSession(ProtocolHandshake.java:74)\n\tat org.openqa.selenium.remote.HttpCommandExecutor.execute(HttpCommandExecutor.java:136)\n\tat org.openqa.selenium.remote.service.DriverCommandExecutor.execute(DriverCommandExecutor.java:83)\n\tat org.openqa.selenium.remote.RemoteWebDriver.execute(RemoteWebDriver.java:552)\n\tat org.openqa.selenium.remote.RemoteWebDriver.startSession(RemoteWebDriver.java:213)\n\tat org.openqa.selenium.remote.RemoteWebDriver.\u003cinit\u003e(RemoteWebDriver.java:131)\n\tat org.openqa.selenium.chrome.ChromeDriver.\u003cinit\u003e(ChromeDriver.java:181)\n\tat org.openqa.selenium.chrome.ChromeDriver.\u003cinit\u003e(ChromeDriver.java:168)\n\tat org.openqa.selenium.chrome.ChromeDriver.\u003cinit\u003e(ChromeDriver.java:123)\n\tat com.fdmgroup.util.DriverUtilities.createDriver(DriverUtilities.java:40)\n\tat com.fdmgroup.util.DriverUtilities.getDriver(DriverUtilities.java:30)\n\tat com.fdmgroup.test.LoginStepDef.setup(LoginStepDef.java:24)\n",
              "duration": 1558000000,
              "status": "failed"
            },
            "match": {
              "location": "com.fdmgroup.test.LoginStepDef.setup()"
            }
          }
        ],
        "line": 26,
        "name": "Entering in an invalid class Id to the add class form and submitting should give me an error",
        "description": "",
        "id": "adding-a-class-feature-of-the-web-app;entering-in-an-invalid-class-id-to-the-add-class-form-and-submitting-should-give-me-an-error;;3",
        "type": "scenario",
        "keyword": "Scenario Outline",
        "steps": [
          {
            "result": {
              "status": "skipped"
            },
            "line": 16,
            "name": "I launch a web browser",
            "match": {
              "location": "com.fdmgroup.test.LaunchAppStepDef.launchBrowser()"
            },
            "keyword": "Given "
          },
          {
            "result": {
              "status": "skipped"
            },
            "line": 17,
            "name": "I navigate to the url of the web application",
            "match": {
              "location": "com.fdmgroup.test.LaunchAppStepDef.openWebApp()"
            },
            "keyword": "And "
          },
          {
            "result": {
              "status": "skipped"
            },
            "line": 18,
            "name": "I enter valid credentials",
            "match": {
              "location": "com.fdmgroup.test.LoginStepDef.enterCredentials()"
            },
            "keyword": "And "
          },
          {
            "result": {
              "status": "skipped"
            },
            "line": 19,
            "name": "I click the manage attendence button",
            "match": {
              "location": "com.fdmgroup.test.AddClassStepDef.clickManageAttendence()"
            },
            "keyword": "When "
          },
          {
            "result": {
              "duration": 1000000,
              "status": "skipped"
            },
            "line": 20,
            "name": "enter an invalid class id \u002727\u0027 and submit",
            "match": {
              "arguments": [
                {
                  "val": "\u002727\u0027",
                  "offset": 26
                }
              ],
              "location": "com.fdmgroup.test.AddClassStepDef.enterInvalidClassId(java.lang.String)"
            },
            "keyword": "And "
          },
          {
            "result": {
              "duration": 1000000,
              "status": "skipped"
            },
            "line": 21,
            "name": "I should receive an error message",
            "match": {
              "location": "com.fdmgroup.test.AddClassStepDef.confirmErrorMessage()"
            },
            "keyword": "Then "
          }
        ]
      }
    ],
    "name": "Adding a class feature of the web App",
    "description": "",
    "id": "adding-a-class-feature-of-the-web-app",
    "keyword": "Feature",
    "uri": "file:features/F4_AddClass.feature",
    "tags": []
  }
]